[    0s] Memory limit set to 43204520KB
[    0s] Using BUILD_ROOT=/var/cache/obs/worker/root_3
[    0s] Using BUILD_ARCH=riscv64
[    0s] Doing docker build
[    0s] 
[    0s] 
[    0s] oerv-obs-worker-01 started "build _service:tar_scm:httpcomponents-asyncclient.spec" at Thu Apr  6 12:57:08 UTC 2023.
[    0s] 
[    0s] Building httpcomponents-asyncclient for project 'openEuler:23.03' repository '23.03' arch 'riscv64' srcmd5 '505b3f44c609ee678f0be1df35ac9ba9'
[    0s] 
[    0s] processing recipe /var/cache/obs/worker/root_3/.build-srcdir/_service:tar_scm:httpcomponents-asyncclient.spec ...
[    0s] running changelog2spec --target rpm --file /var/cache/obs/worker/root_3/.build-srcdir/_service:tar_scm:httpcomponents-asyncclient.spec
[    0s] init_buildsystem --configdir /var/run/obs/worker/3/build/configs --cachedir /var/cache/build --prepare --clean --rpmlist /var/cache/obs/worker/root_3/.build.rpmlist /var/cache/obs/worker/root_3/.build-srcdir/_service:tar_scm:httpcomponents-asyncclient.spec build ...
[    1s] cycle: coreutils -> bash
[    1s]   breaking dependency coreutils -> bash
[    1s] cycle: coreutils -> info
[    1s]   breaking dependency coreutils -> info
[    1s] cycle: filesystem -> coreutils -> glibc
[    1s]   breaking dependency filesystem -> coreutils
[    1s] cycle: filesystem -> bash -> coreutils -> glibc
[    1s]   breaking dependency filesystem -> bash
[    1s] cycle: coreutils -> libcap
[    1s]   breaking dependency coreutils -> libcap
[    1s] cycle: coreutils -> openssl-libs
[    1s]   breaking dependency coreutils -> openssl-libs
[    1s] cycle: systemd -> audit
[    1s]   breaking dependency audit -> systemd
[    1s] cycle: perl-Carp -> perl-libs
[    1s]   breaking dependency perl-libs -> perl-Carp
[    1s] cycle: perl-libs -> perl-Exporter
[    1s]   breaking dependency perl-libs -> perl-Exporter
[    1s] cycle: perl-Carp -> perl-Exporter
[    1s]   breaking dependency perl-Exporter -> perl-Carp
[    1s] cycle: nss-util -> nss
[    1s]   breaking dependency nss -> nss-util
[    1s] cycle: nss-softokn -> nss-util -> nss
[    1s]   breaking dependency nss -> nss-softokn
[    1s] cycle: perl-constant -> perl -> perl-Getopt-Long
[    1s]   breaking dependency perl -> perl-Getopt-Long
[    1s] cycle: perl-constant -> perl
[    1s]   breaking dependency perl -> perl-constant
[    1s] cycle: perl -> perl-Data-Dumper
[    1s]   breaking dependency perl-Data-Dumper -> perl
[    1s] cycle: perl-constant -> perl -> perl-Data-Dumper
[    1s]   breaking dependency perl -> perl-Data-Dumper
[    1s] cycle: rpm -> rpm-libs
[    1s]   breaking dependency rpm -> rpm-libs
[    1s] [1/114] preinstalling avahi-devel...
[    1s] [2/114] preinstalling kernel-headers...
[    1s] [3/114] preinstalling libraqm-devel...
[    1s] [4/114] preinstalling pulseaudio-libs-devel...
[    1s] [5/114] preinstalling python3-setuptools...
[    2s] [6/114] preinstalling python3-pip...
[    2s] [7/114] preinstalling filesystem...
[    2s] [8/114] preinstalling dbus...
[    2s] [9/114] preinstalling glibc...
[    2s] [10/114] preinstalling libgcc...
[    2s] [11/114] preinstalling diffutils...
[    2s] [12/114] preinstalling libatomic...
[    2s] [13/114] preinstalling libcap-ng...
[    2s] [14/114] preinstalling libffi...
[    2s] [15/114] preinstalling libgpg-error...
[    2s] [16/114] preinstalling libpcap...
[    2s] [17/114] preinstalling libsmartcols...
[    2s] [18/114] preinstalling libuuid...
[    2s] [19/114] preinstalling libxcrypt...
[    3s] [20/114] preinstalling lz4...
[    3s] [21/114] preinstalling m4...
[    3s] [22/114] preinstalling nspr...
[    3s] [23/114] preinstalling xz-libs...
[    3s] [24/114] preinstalling attr...
[    3s] [25/114] preinstalling libdb...
[    3s] [26/114] preinstalling ncurses-libs...
[    3s] [27/114] preinstalling zlib...
[    3s] [28/114] preinstalling audit-libs...
[    3s] [29/114] preinstalling compat-openssl11-libs...
[    3s] [30/114] preinstalling iptables-libs...
[    3s] [31/114] preinstalling libacl...
[    3s] [32/114] preinstalling libffi-devel...
[    3s] [33/114] preinstalling libgcrypt...
[    3s] [34/114] preinstalling p11-kit...
[    4s] [35/114] preinstalling python3-ldb...
[    4s] [36/114] preinstalling readline...
[    4s] [37/114] preinstalling cmake...
[    4s] [38/114] preinstalling ncurses...
[    5s] [39/114] preinstalling perl-libs...
[    5s] [40/114] preinstalling python3-libxml2...
[    5s] [41/114] preinstalling zstd...
[    5s] [42/114] preinstalling python3-ldb-devel...
[    5s] [43/114] preinstalling perl-Exporter...
[    5s] [44/114] preinstalling pcre...
[    5s] [45/114] preinstalling pcre2...
[    5s] [46/114] preinstalling acl...
[    5s] [47/114] preinstalling sqlite...
[    5s] [48/114] preinstalling libselinux...
[    5s] [49/114] preinstalling perl-Carp...
[    5s] [50/114] preinstalling perl-Digest-MD5...
[    5s] [51/114] preinstalling sed...
[    5s] [52/114] preinstalling coreutils...
[    6s] [53/114] preinstalling openssl-libs...
[    6s] [54/114] preinstalling bash...
[    6s] [55/114] preinstalling iproute...
[    6s] [56/114] preinstalling dnf...
[    6s] [57/114] preinstalling guile-devel...
[    6s] [58/114] preinstalling ima-evm-utils-libs...
[    6s] [59/114] preinstalling bzip2...
[    6s] [60/114] preinstalling hostname...
[    6s] [61/114] preinstalling luajit...
[    6s] [62/114] preinstalling pcre-devel...
[    6s] [63/114] preinstalling popt...
[    6s] [64/114] preinstalling elfutils...
[    6s] [65/114] preinstalling grep...
[    7s] [66/114] preinstalling info...
[    7s] [67/114] preinstalling kmod-libs...
[    7s] [68/114] preinstalling libblkid...
[    7s] [69/114] preinstalling tar...
[    7s] [70/114] preinstalling libgcrypt-devel...
[    7s] [71/114] preinstalling lua...
[    7s] [72/114] preinstalling openssl...
[    7s] [73/114] preinstalling audit...
[    7s] [74/114] preinstalling pam...
[    7s] [75/114] preinstalling nss...
[    7s] [76/114] preinstalling luajit-devel...
[    7s] [77/114] preinstalling efibootmgr...
[    7s] [78/114] preinstalling elfutils-extra...
[    7s] [79/114] preinstalling chkconfig...
[    7s] [80/114] preinstalling copy-jdk-configs...
[    7s] [81/114] preinstalling libfdisk...
[    7s] [82/114] preinstalling file...
[    7s] [83/114] preinstalling libcap...
[    7s] [84/114] preinstalling libmount...
[    8s] [85/114] preinstalling libsemanage...
[    8s] [86/114] preinstalling nss-util...
[    8s] [87/114] preinstalling xz...
[    8s] [88/114] preinstalling findutils...
[    8s] [89/114] preinstalling sudo...
[    8s] [90/114] preinstalling iputils...
[    8s] [91/114] preinstalling nss-softokn...
[    8s] [92/114] preinstalling glib2...
[    8s] [93/114] preinstalling shadow...
[    8s] [94/114] preinstalling systemd-libs...
[    8s] [95/114] preinstalling rpm...
[    8s] [96/114] preinstalling dbus-libs...
[    9s] [97/114] preinstalling vala-devel...
[    9s] [98/114] preinstalling gobject-introspection...
[    9s] [99/114] preinstalling openEuler-rpm-config...
[    9s] [100/114] preinstalling rpm-libs...
[    9s] [101/114] preinstalling util-linux...
[    9s] [102/114] preinstalling systemd...
[    9s] [103/114] preinstalling erlang...
[    9s] [104/114] preinstalling net-tools...
[    9s] [105/114] preinstalling vala...
[   10s] [106/114] preinstalling device-mapper...
[   10s] [107/114] preinstalling supermin...
[   10s] [108/114] preinstalling perl...
[   10s] [109/114] preinstalling perl-constant...
[   10s] [110/114] preinstalling cryptsetup...
[   10s] [111/114] preinstalling lvm2...
[   10s] [112/114] preinstalling perl-Getopt-Long...
[   10s] [113/114] preinstalling perl-Data-Dumper...
[   10s] [114/114] preinstalling git...
[   11s] 
[   11s] copying packages...
[   13s] reordering...cycle: coreutils -> bash
[   13s]   breaking dependency coreutils -> bash
[   13s] cycle: coreutils -> info
[   13s]   breaking dependency coreutils -> info
[   13s] cycle: glibc -> basesystem -> filesystem -> coreutils -> gmp
[   13s]   breaking dependency filesystem -> coreutils
[   13s] cycle: glibc -> basesystem -> filesystem -> bash -> coreutils -> gmp
[   13s]   breaking dependency filesystem -> bash
[   13s] cycle: glibc -> basesystem -> filesystem -> setup -> openEuler-release -> coreutils -> gmp
[   13s]   breaking dependency filesystem -> setup
[   13s] cycle: glibc -> basesystem -> setup -> openEuler-release -> coreutils -> gmp
[   13s]   breaking dependency coreutils -> gmp
[   13s] cycle: glibc -> basesystem -> setup -> openEuler-release -> coreutils
[   13s]   breaking dependency coreutils -> glibc
[   13s] cycle: glibc -> basesystem -> setup -> openEuler-release -> coreutils -> libacl
[   13s]   breaking dependency coreutils -> libacl
[   13s] cycle: glibc -> basesystem -> setup -> openEuler-release -> coreutils -> attr
[   13s]   breaking dependency coreutils -> attr
[   13s] cycle: coreutils -> libcap
[   13s]   breaking dependency coreutils -> libcap
[   13s] cycle: glibc -> basesystem -> setup -> openEuler-release -> coreutils -> openssl-libs
[   13s]   breaking dependency coreutils -> openssl-libs
[   13s] cycle: glibc -> basesystem -> setup -> openEuler-release -> coreutils -> libselinux
[   13s]   breaking dependency openEuler-release -> coreutils
[   13s] cycle: glibc -> basesystem -> setup -> openEuler-release -> bash -> coreutils -> libselinux
[   13s]   breaking dependency bash -> coreutils
[   13s] cycle: glibc -> basesystem -> setup -> openEuler-release -> bash
[   13s]   breaking dependency glibc -> basesystem
[   13s] cycle: glibc -> glibc-common -> bash
[   13s]   breaking dependency glibc-common -> bash
[   13s] cycle: glibc -> glibc-common -> coreutils -> libselinux
[   13s]   breaking dependency libselinux -> glibc
[   13s] cycle: glibc -> glibc-common -> coreutils -> libselinux -> pcre2
[   13s]   breaking dependency pcre2 -> glibc
[   13s] cycle: glibc -> glibc-common -> coreutils -> libselinux -> pcre2 -> readline
[   13s]   breaking dependency readline -> glibc
[   13s] cycle: glibc -> glibc-common -> coreutils -> libselinux -> pcre2 -> readline -> ncurses-libs
[   13s]   breaking dependency glibc-common -> coreutils
[   13s] cycle: glibc -> glibc-common
[   13s]   breaking dependency glibc-common -> glibc
[   13s] cycle: glibc -> glibc-common -> libselinux -> pcre2 -> readline -> ncurses-libs
[   13s]   breaking dependency readline -> ncurses-libs
[   13s] cycle: libselinux -> libsepol -> coreutils
[   13s]   breaking dependency libsepol -> coreutils
[   13s] cycle: glibc -> glibc-common -> libselinux -> libsepol -> bash
[   13s]   breaking dependency bash -> glibc
[   13s] cycle: glibc -> glibc-common -> libselinux -> libsepol -> bash -> ncurses-libs
[   13s]   breaking dependency ncurses-libs -> glibc
[   13s] cycle: glibc -> glibc-common -> libselinux -> libsepol
[   13s]   breaking dependency libsepol -> glibc
[   13s] cycle: adobe-mappings-cmap -> adobe-mappings-cmap-lang
[   13s]   breaking dependency adobe-mappings-cmap-lang -> adobe-mappings-cmap
[   13s] cycle: byte-buddy-agent -> byte-buddy
[   13s]   breaking dependency byte-buddy -> byte-buddy-agent
[   13s] cycle: byte-buddy -> byte-buddy-maven-plugin
[   13s]   breaking dependency byte-buddy -> byte-buddy-maven-plugin
[   13s] cycle: byte-buddy -> byte-buddy-parent
[   13s]   breaking dependency byte-buddy -> byte-buddy-parent
[   13s] cycle: crypto-policies -> python3 -> openssl-libs
[   13s]   breaking dependency python3 -> openssl-libs
[   13s] cycle: libnsl2 -> libtirpc -> krb5-libs -> crypto-policies -> python3
[   13s]   breaking dependency python3 -> libnsl2
[   13s] cycle: libtirpc -> krb5-libs -> crypto-policies -> python3
[   13s]   breaking dependency python3 -> libtirpc
[   13s] cycle: pam -> libpwquality
[   13s]   breaking dependency pam -> libpwquality
[   13s] cycle: systemd -> audit
[   13s]   breaking dependency audit -> systemd
[   13s] cycle: nss -> nss-util
[   13s]   breaking dependency nss -> nss-util
[   13s] cycle: nss -> nss-softokn -> nss-util
[   13s]   breaking dependency nss -> nss-softokn
[   13s] cycle: rpm -> rpm-libs
[   13s]   breaking dependency rpm -> rpm-libs
[   13s] cycle: hunspell-en -> hunspell
[   13s]   breaking dependency hunspell -> hunspell-en
[   13s] cycle: perl-libs -> perl-Carp
[   13s]   breaking dependency perl-libs -> perl-Carp
[   13s] cycle: perl-libs -> perl-Exporter
[   13s]   breaking dependency perl-libs -> perl-Exporter
[   13s] cycle: erlang-erts -> erlang-kernel
[   13s]   breaking dependency erlang-erts -> erlang-kernel
[   13s] cycle: erlang-erts -> erlang-stdlib -> erlang-compiler -> erlang-crypto
[   13s]   breaking dependency erlang-erts -> erlang-stdlib
[   13s] cycle: erlang-kernel -> erlang-stdlib -> erlang-compiler -> erlang-crypto
[   13s]   breaking dependency erlang-crypto -> erlang-kernel
[   13s] cycle: erlang-stdlib -> erlang-compiler -> erlang-crypto
[   13s]   breaking dependency erlang-compiler -> erlang-crypto
[   13s] cycle: erlang-compiler -> erlang-hipe
[   13s]   breaking dependency erlang-hipe -> erlang-compiler
[   13s] cycle: erlang-kernel -> erlang-stdlib -> erlang-compiler -> erlang-hipe
[   13s]   breaking dependency erlang-stdlib -> erlang-compiler
[   13s] cycle: erlang-stdlib -> erlang-crypto
[   13s]   breaking dependency erlang-crypto -> erlang-stdlib
[   13s] cycle: erlang-kernel -> erlang-stdlib
[   13s]   breaking dependency erlang-stdlib -> erlang-kernel
[   13s] cycle: fontconfig -> urw-base35-c059-fonts
[   13s]   breaking dependency fontconfig -> urw-base35-c059-fonts
[   13s] cycle: fontconfig -> urw-base35-bookman-fonts
[   13s]   breaking dependency fontconfig -> urw-base35-bookman-fonts
[   13s] cycle: fontconfig -> urw-base35-gothic-fonts
[   13s]   breaking dependency fontconfig -> urw-base35-gothic-fonts
[   13s] cycle: fontconfig -> urw-base35-d050000l-fonts
[   13s]   breaking dependency fontconfig -> urw-base35-d050000l-fonts
[   13s] cycle: fontconfig -> urw-base35-nimbus-mono-ps-fonts
[   13s]   breaking dependency fontconfig -> urw-base35-nimbus-mono-ps-fonts
[   13s] cycle: fontconfig -> urw-base35-z003-fonts
[   13s]   breaking dependency fontconfig -> urw-base35-z003-fonts
[   13s] cycle: fontconfig -> urw-base35-nimbus-sans-fonts
[   13s]   breaking dependency fontconfig -> urw-base35-nimbus-sans-fonts
[   13s] cycle: fontconfig -> urw-base35-nimbus-roman-fonts
[   13s]   breaking dependency fontconfig -> urw-base35-nimbus-roman-fonts
[   13s] cycle: fontconfig -> urw-base35-p052-fonts
[   13s]   breaking dependency fontconfig -> urw-base35-p052-fonts
[   13s] cycle: perl-Carp -> perl-Exporter
[   13s]   breaking dependency perl-Exporter -> perl-Carp
[   13s] cycle: perl -> perl-PathTools
[   13s]   breaking dependency perl -> perl-PathTools
[   13s] cycle: perl -> perl-ExtUtils-MakeMaker
[   13s]   breaking dependency perl -> perl-ExtUtils-MakeMaker
[   13s] cycle: perl -> perl-File-Path -> perl-PathTools
[   13s]   breaking dependency perl -> perl-File-Path
[   13s] cycle: perl -> perl-Getopt-Long -> perl-Pod-Usage
[   13s]   breaking dependency perl -> perl-Getopt-Long
[   13s] cycle: perl -> perl-Locale-Maketext
[   13s]   breaking dependency perl -> perl-Locale-Maketext
[   13s] cycle: perl -> perl-Pod-Simple
[   13s]   breaking dependency perl -> perl-Pod-Simple
[   13s] cycle: perl -> perl-Socket
[   13s]   breaking dependency perl -> perl-Socket
[   13s] cycle: perl -> perl-Storable
[   13s]   breaking dependency perl -> perl-Storable
[   13s] cycle: perl -> perl-Text-Tabs+Wrap
[   13s]   breaking dependency perl -> perl-Text-Tabs+Wrap
[   13s] cycle: perl -> perl-Time-Local -> perl-constant
[   13s]   breaking dependency perl -> perl-Time-Local
[   13s] cycle: perl -> perl-constant
[   13s]   breaking dependency perl -> perl-constant
[   13s] cycle: perl -> perl-threads
[   13s]   breaking dependency perl -> perl-threads
[   13s] cycle: perl -> perl-threads-shared
[   13s]   breaking dependency perl -> perl-threads-shared
[   13s] cycle: perl -> perl-Archive-Tar
[   13s]   breaking dependency perl -> perl-Archive-Tar
[   13s] cycle: perl-B-Debug -> perl
[   13s]   breaking dependency perl -> perl-B-Debug
[   13s] cycle: perl -> perl-CPAN-Meta -> perl-CPAN-Meta-Requirements
[   13s]   breaking dependency perl -> perl-CPAN-Meta
[   13s] cycle: perl -> perl-CPAN-Meta-Requirements
[   13s]   breaking dependency perl -> perl-CPAN-Meta-Requirements
[   13s] cycle: perl -> perl-CPAN-Meta-YAML
[   13s]   breaking dependency perl -> perl-CPAN-Meta-YAML
[   13s] cycle: perl -> perl-Compress-Raw-Bzip2
[   13s]   breaking dependency perl -> perl-Compress-Raw-Bzip2
[   13s] cycle: perl -> perl-Compress-Raw-Zlib
[   13s]   breaking dependency perl -> perl-Compress-Raw-Zlib
[   13s] cycle: perl -> perl-Config-Perl-V
[   13s]   breaking dependency perl -> perl-Config-Perl-V
[   13s] cycle: perl -> perl-Data-Dumper
[   13s]   breaking dependency perl -> perl-Data-Dumper
[   13s] cycle: perl -> perl-Devel-PPPort
[   13s]   breaking dependency perl -> perl-Devel-PPPort
[   13s] cycle: perl -> perl-Digest-SHA
[   13s]   breaking dependency perl -> perl-Digest-SHA
[   13s] cycle: perl -> perl-Encode
[   13s]   breaking dependency perl -> perl-Encode
[   13s] cycle: perl -> perl-Env
[   13s]   breaking dependency perl -> perl-Env
[   13s] cycle: perl -> perl-ExtUtils-Command
[   13s]   breaking dependency perl -> perl-ExtUtils-Command
[   13s] cycle: perl -> perl-ExtUtils-Install
[   13s]   breaking dependency perl -> perl-ExtUtils-Install
[   13s] cycle: perl -> perl-ExtUtils-Manifest
[   13s]   breaking dependency perl -> perl-ExtUtils-Manifest
[   13s] cycle: perl -> perl-ExtUtils-ParseXS
[   13s]   breaking dependency perl -> perl-ExtUtils-ParseXS
[   13s] cycle: perl -> perl-File-Fetch -> perl-PathTools
[   13s]   breaking dependency perl -> perl-File-Fetch
[   13s] cycle: perl -> perl-File-Temp -> perl-PathTools
[   13s]   breaking dependency perl -> perl-File-Temp
[   13s] cycle: perl -> perl-Filter
[   13s]   breaking dependency perl -> perl-Filter
[   13s] cycle: perl -> perl-Filter-Simple -> perl-Filter
[   13s]   breaking dependency perl -> perl-Filter-Simple
[   13s] cycle: perl -> perl-HTTP-Tiny
[   13s]   breaking dependency perl -> perl-HTTP-Tiny
[   13s] cycle: perl -> perl-IO-Compress
[   13s]   breaking dependency perl -> perl-IO-Compress
[   13s] cycle: perl -> perl-IO-Socket-IP
[   13s]   breaking dependency perl -> perl-IO-Socket-IP
[   13s] cycle: perl -> perl-IPC-Cmd -> perl-ExtUtils-MakeMaker
[   13s]   breaking dependency perl -> perl-IPC-Cmd
[   13s] cycle: perl -> perl-IPC-SysV
[   13s]   breaking dependency perl -> perl-IPC-SysV
[   13s] cycle: perl -> perl-JSON-PP
[   13s]   breaking dependency perl -> perl-JSON-PP
[   13s] cycle: perl -> perl-Locale-Codes -> perl-constant
[   13s]   breaking dependency perl -> perl-Locale-Codes
[   13s] cycle: perl -> perl-Math-BigInt
[   13s]   breaking dependency perl -> perl-Math-BigInt
[   13s] cycle: perl -> perl-Math-BigInt-FastCalc -> perl-Math-BigInt
[   13s]   breaking dependency perl -> perl-Math-BigInt-FastCalc
[   13s] cycle: perl -> perl-Math-BigRat -> perl-Math-BigInt
[   13s]   breaking dependency perl -> perl-Math-BigRat
[   13s] cycle: perl -> perl-Module-CoreList
[   13s]   breaking dependency perl -> perl-Module-CoreList
[   13s] cycle: perl -> perl-Module-Load -> perl-PathTools
[   13s]   breaking dependency perl -> perl-Module-Load
[   13s] cycle: perl -> perl-Module-Load-Conditional
[   13s]   breaking dependency perl -> perl-Module-Load-Conditional
[   13s] cycle: perl -> perl-Module-Metadata
[   13s]   breaking dependency perl -> perl-Module-Metadata
[   13s] cycle: perl -> perl-Params-Check
[   13s]   breaking dependency perl -> perl-Params-Check
[   13s] cycle: perl -> perl-Pod-Checker
[   13s]   breaking dependency perl -> perl-Pod-Checker
[   13s] cycle: perl -> perl-Pod-Parser
[   13s]   breaking dependency perl -> perl-Pod-Parser
[   13s] cycle: perl -> perl-Pod-Perldoc
[   13s]   breaking dependency perl -> perl-Pod-Perldoc
[   13s] cycle: perl -> perl-Pod-Usage
[   13s]   breaking dependency perl -> perl-Pod-Usage
[   13s] cycle: perl -> perl-Sys-Syslog
[   13s]   breaking dependency perl -> perl-Sys-Syslog
[   13s] cycle: perl -> perl-Term-Cap
[   13s]   breaking dependency perl -> perl-Term-Cap
[   13s] cycle: perl -> perl-Test-Harness
[   13s]   breaking dependency perl -> perl-Test-Harness
[   13s] cycle: perl -> perl-Test-Simple
[   13s]   breaking dependency perl -> perl-Test-Simple
[   13s] cycle: perl -> perl-Text-Balanced
[   13s]   breaking dependency perl -> perl-Text-Balanced
[   13s] cycle: perl -> perl-Thread-Queue -> perl-threads-shared
[   13s]   breaking dependency perl -> perl-Thread-Queue
[   13s] cycle: perl -> perl-Unicode-Collate -> perl-PathTools
[   13s]   breaking dependency perl -> perl-Unicode-Collate
[   13s] cycle: perl -> perl-autodie
[   13s]   breaking dependency perl -> perl-autodie
[   13s] cycle: perl -> perl-bignum -> perl-Math-BigInt
[   13s]   breaking dependency perl -> perl-bignum
[   13s] cycle: perl -> perl-Encode-devel
[   13s]   breaking dependency perl -> perl-Encode-devel
[   13s] cycle: perl -> perl-experimental
[   13s]   breaking dependency perl -> perl-experimental
[   13s] cycle: perl -> perl-libnet
[   13s]   breaking dependency perl -> perl-libnet
[   13s] cycle: perl -> perl-podlators
[   13s]   breaking dependency perl -> perl-podlators
[   13s] cycle: perl -> perl-version
[   13s]   breaking dependency perl -> perl-version
[   13s] cycle: glib2-devel -> sysprof-devel
[   13s]   breaking dependency glib2-devel -> sysprof-devel
[   13s] cycle: libglvnd-egl -> mesa-libEGL
[   13s]   breaking dependency mesa-libEGL -> libglvnd-egl
[   13s] cycle: libxcrypt-devel -> glibc-devel
[   13s]   breaking dependency glibc-devel -> libxcrypt-devel
[   13s] cycle: groovy -> gpars
[   13s]   breaking dependency groovy -> gpars
[   13s] cycle: cmake-data -> cmake
[   13s]   breaking dependency cmake -> cmake-data
[   13s] cycle: erlang-compiler -> erlang-hipe -> erlang-syntax_tools
[   13s]   breaking dependency erlang-syntax_tools -> erlang-compiler
[   13s] cycle: erlang-inets -> erlang-ssl
[   13s]   breaking dependency erlang-inets -> erlang-ssl
[   13s] cycle: libglvnd-glx -> mesa-libGL
[   13s]   breaking dependency mesa-libGL -> libglvnd-glx
[   13s] cycle: gupnp-igd -> gssdp -> gtk4 -> gstreamer1-plugins-bad-free -> libnice
[   13s]   breaking dependency gtk4 -> gstreamer1-plugins-bad-free
[   13s] cycle: perl-Getopt-Long -> perl-Pod-Usage
[   13s]   breaking dependency perl-Pod-Usage -> perl-Getopt-Long
[   13s] cycle: perl-Getopt-Long -> perl-Pod-Usage -> perl-podlators -> perl-Encode
[   13s]   breaking dependency perl-podlators -> perl-Encode
[   13s] cycle: perl-Getopt-Long -> perl-Pod-Usage -> perl-podlators
[   13s]   breaking dependency perl-podlators -> perl-Getopt-Long
[   13s] cycle: perl-Getopt-Long -> perl-Pod-Usage -> perl-podlators -> perl-Pod-Simple -> perl-Encode
[   13s]   breaking dependency perl-Encode -> perl-Getopt-Long
[   13s] cycle: perl-Getopt-Long -> perl-Pod-Usage -> perl-podlators -> perl-Pod-Simple
[   13s]   breaking dependency perl-podlators -> perl-Pod-Simple
[   13s] cycle: perl-Pod-Usage -> perl-podlators
[   13s]   breaking dependency perl-podlators -> perl-Pod-Usage
[   13s] cycle: perl-Getopt-Long -> perl-Pod-Usage -> perl-Pod-Perldoc -> perl-Pod-Simple
[   13s]   breaking dependency perl-Pod-Perldoc -> perl-Pod-Simple
[   13s] cycle: openssh -> openssh-server
[   13s]   breaking dependency openssh-server -> openssh
[   13s] cycle: perl-Git -> git
[   13s]   breaking dependency git -> perl-Git
[   13s] cycle: xalan-j2 -> xerces-j2
[   13s]   breaking dependency xerces-j2 -> xalan-j2
[   13s] cycle: perl-ExtUtils-Install -> perl-ExtUtils-MakeMaker
[   13s]   breaking dependency perl-ExtUtils-MakeMaker -> perl-ExtUtils-Install
[   13s] done
[   13s] Warning: cross compile not possible due to missing static binaries. please install build-initvm package for that purpose.
[   13s]          check that the right architecture is available for your build host, you need initvm.x86_64 for this one.
[   13s] booting docker...
[   14s] 2nd stage started in virtual machine
[   14s] machine type: riscv64
[   14s] Linux version: 5.3.18-150300.59.63-default #1 SMP Tue Apr 5 12:47:31 UTC 2022 (d77db66)
[   14s] Increasing log level from now on...
[   14s] Enable sysrq operations
[   14s] WARNING: udev not running, creating extra device nodes
[   14s] processing recipe /.build-srcdir/_service:tar_scm:httpcomponents-asyncclient.spec ...
[   14s] init_buildsystem --configdir /.build/configs --cachedir /var/cache/build /.build-srcdir/_service:tar_scm:httpcomponents-asyncclient.spec build ...
[   14s] initializing rpm db...
[   15s] querying package ids...
[   32s] [1/825] installing adobe-mappings-pdf-20190401-2.oe2303
[   36s] [2/825] installing adwaita-cursor-theme-43-1.oe2303
[   37s] [3/825] installing cmake-filesystem-3.24.3-1.oe2303
[   37s] [4/825] installing fonts-filesystem-4.0.2-1.oe2303
[   38s] [5/825] installing fuse-common-3.13.0-1.oe2303
[   38s] [6/825] installing javapackages-filesystem-5.3.0-5.oe2303
[   38s] [7/825] installing kernel-headers-6.1.19-2.oe2303
[   39s] [8/825] installing libreport-filesystem-2.15.2-6.oe2303
[   39s] [9/825] installing ncurses-base-6.4-1.oe2303
[   39s] [10/825] installing openEuler-gpg-keys-1.0-3.3.oe2303
[   39s] [11/825] installing python-ldb-devel-common-2.6.1-2.oe2303
[   40s] [12/825] installing python-setuptools-60.9.3-2.oe2303
[   40s] [13/825] installing python3-setuptools-60.9.3-2.oe2303
[   41s] [14/825] installing python3-six-1.16.0-3.oe2303
[   41s] [15/825] installing qt5-srpm-macros-5.15.2-1.oe2303
[   41s] [16/825] installing tzdata-2022g-3.oe2303
[   42s] [17/825] installing tzdata-java-2022g-3.oe2303
[   42s] [18/825] installing wxGTK3-i18n-3.0.4-8.oe2303
[   42s] [19/825] installing xkeyboard-config-2.38-1.oe2303
[   43s] [20/825] installing dnf-data-4.14.0-13.oe2303
[   43s] [21/825] installing google-droid-sans-fonts-20200215-1.oe2303
[   45s] [22/825] installing openEuler-repos-1.0-3.3.oe2303
[   45s] [23/825] installing wqy-zenhei-fonts-0.9.46-22.oe2303
[   48s] [24/825] installing adobe-mappings-cmap-lang-20190730-3.oe2303
[   50s] [25/825] installing filesystem-3.16-5.oe2303
[   50s] warning: group mail does not exist - using root
[   50s] [26/825] installing adobe-mappings-cmap-20190730-3.oe2303
[   50s] [27/825] installing emacs-filesystem-1:28.2-4.oe2303
[   51s] [28/825] installing libgcc-10.3.1-27.oe2303
[   51s] [29/825] installing urw-base35-fonts-common-20200910-1.oe2303
[   51s] [30/825] installing ncurses-libs-6.4-1.oe2303
[   51s] [31/825] installing readline-8.2-2.oe2303
[   52s] [32/825] installing pcre2-10.42-1.oe2303
[   52s] [33/825] installing bash-5.1.8-7.oe2303
[   53s] [34/825] installing efi-filesystem-4-9.oe2303
[   53s] [35/825] installing libsepol-3.4-1.oe2303
[   54s] [36/825] installing libselinux-3.4-1.oe2303
[   54s] [37/825] installing glibc-common-2.36-13.oe2303
[   56s] [38/825] installing glibc-2.36-13.oe2303
[   58s] [39/825] installing SDL2-2.0.12-5.oe2303
[   58s] [40/825] installing brotli-1.0.9-3.oe2303
[   59s] [41/825] installing cdparanoia-libs-10.2-31.oe2303
[   59s] [42/825] installing chrpath-0.16-13.oe2303
[   59s] [43/825] installing cpio-2.13-7.oe2303
[   60s] [44/825] installing diffutils-3.9-2.oe2303
[   60s] [45/825] installing efivar-libs-38-1.oe2303
[   60s] [46/825] installing expat-2.5.0-1.oe2303
[   61s] [47/825] installing fribidi-1.0.12-1.oe2303
[   61s] [48/825] installing gsm-1.0.18-5.oe2303
[   61s] [49/825] installing hyphen-2.8.8-15.oe2303
[   62s] [50/825] installing jbigkit-libs-2.1-21.oe2303
[   62s] [51/825] installing json-c-0.16-2.oe2303
[   62s] [52/825] installing keyutils-libs-1.6.3-5.oe2303
[   62s] [53/825] installing lcms2-2.13.1-2.oe2303
[   63s] [54/825] installing libICE-1.1.1-1.oe2303
[   63s] [55/825] installing libXau-1.0.10-1.oe2303
[   63s] [56/825] installing libaio-0.3.113-7.oe2303
[   64s] [57/825] installing libargon2-20190702-3.oe2303
[   64s] [58/825] installing libasyncns-0.8-18.oe2303
[   64s] [59/825] installing libatomic-10.3.1-27.oe2303
[   65s] [60/825] installing libcap-ng-0.8.3-1.oe2303
[   65s] [61/825] installing libdaemon-0.14-21.oe2303
[   65s] [62/825] installing libdatrie-0.2.13-1.oe2303
[   66s] [63/825] installing libdrm-2.4.114-1.oe2303
[   66s] [64/825] installing libepoxy-1.5.10-2.oe2303
[   66s] [65/825] installing libev-4.33-3.oe2303
[   67s] [66/825] installing libffi-3.4.4-2.oe2303
[   67s] [67/825] installing libglvnd-1:1.3.4-3.oe2303
[   67s] [68/825] installing libgomp-10.3.1-27.oe2303
[   68s] [69/825] installing libgpg-error-1.46-1.oe2303
[   68s] [70/825] installing libijs-0.35-10.oe2303
[   68s] [71/825] installing libjpeg-turbo-2.1.1-3.oe2303
[   69s] [72/825] installing libmnl-1.0.5-2.oe2303
[   69s] [73/825] installing libmspack-0.10.1-0.1.1.oe2303
[   69s] [74/825] installing libnfnetlink-1.0.2-1.oe2303
[   70s] [75/825] installing libnghttp2-1.47.0-3.oe2303
[   70s] [76/825] installing libogg-2:1.3.5-2.oe2303
[   70s] [77/825] installing libpcap-14:1.10.3-1.oe2303
[   71s] [78/825] installing libpipeline-1.5.7-1.oe2303
[   71s] [79/825] installing libsigsegv-2.14-1.oe2303
[   71s] [80/825] installing libsmartcols-2.37.2-14.oe2303
[   71s] [81/825] installing libsndfile-1.2.0-1.oe2303
[   72s] [82/825] installing libstemmer-0-13.oe2303
[   72s] [83/825] installing libtalloc-2.3.4-1.oe2303
[   72s] [84/825] installing libtasn1-4.17.0-3.oe2303
[   73s] [85/825] installing libtdb-1.4.7-1.oe2303
[   73s] [86/825] installing libtool-ltdl-2.4.7-2.oe2303
[   73s] [87/825] installing libunistring-1.1-2.oe2303
[   74s] [88/825] installing libuuid-2.37.2-14.oe2303
[   74s] [89/825] installing libuv-1:1.42.0-4.oe2303
[   75s] [90/825] installing libvisual-1:0.4.1-1.oe2303
[   75s] [91/825] installing libwebp-1.3.0-1.oe2303
[   75s] [92/825] installing libxcrypt-4.4.33-1.oe2303
[   76s] [93/825] installing libxshmfence-1.3.2-1.oe2303
[   76s] [94/825] installing libyaml-0.2.5-4.oe2303
[   76s] [95/825] installing lmdb-0.9.30-2.oe2303
[   77s] [96/825] installing lz4-1.9.4-2.oe2303
[   77s] [97/825] installing m4-1.4.19-3.oe2303
[   77s] [98/825] installing nspr-4.35.0-2.oe2303
[   78s] [99/825] installing openjpeg2-2.5.0-2.oe2303
[   78s] [100/825] installing opus-1.3.1-4.oe2303
[   78s] [101/825] installing pixman-0.42.2-1.oe2303
[   79s] [102/825] installing pkgconf-1.8.0-3.oe2303
[   79s] [103/825] installing which-2.21-15.oe2303
[   79s] [104/825] installing xz-libs-5.2.10-1.oe2303
[   80s] [105/825] installing attr-2.5.1-4.oe2303
[   80s] [106/825] installing less-608-4.oe2303
[   80s] [107/825] installing libedit-3.1-29.oe2303
[   80s] [108/825] installing libidn-1.38-4.oe2303
[   81s] [109/825] installing libstdc++-10.3.1-27.oe2303
[   81s] [110/825] installing mesa-libglapi-23.0.0-1.oe2303
[   82s] [111/825] installing psmisc-23.6-1.oe2303
[   82s] [112/825] installing zlib-1.2.13-1.oe2303
[   82s] [113/825] installing gdbm-1:1.23-2.oe2303
[   83s] [114/825] installing libglvnd-core-devel-1:1.3.4-3.oe2303
[   83s] [115/825] installing libstdc++-devel-10.3.1-27.oe2303
[   85s] [116/825] installing xorg-x11-proto-devel-2021.5-2.oe2303
[   85s] [117/825] installing audit-libs-1:3.0.9-1.oe2303
[   86s] [118/825] installing elfutils-libelf-0.187-10.oe2303
[   86s] [119/825] installing fribidi-devel-1.0.12-1.oe2303
[   86s] [120/825] installing gmp-1:6.2.1-3.oe2303
[   87s] [121/825] installing libacl-2.3.1-1.oe2303
[   87s] [122/825] installing libassuan-2.5.5-2.oe2303
[   87s] [123/825] installing libfontenc-1.1.6-1.oe2303
[   88s] [124/825] installing libgcrypt-1.9.4-1.oe2303
[   88s] [125/825] installing libglvnd-opengl-1:1.3.4-3.oe2303
[   88s] [126/825] installing libpng-2:1.6.38-2.oe2303
[   89s] [127/825] installing libsepol-devel-3.4-1.oe2303
[   90s] [128/825] installing libtalloc-devel-2.3.4-1.oe2303
[   90s] [129/825] installing libtdb-devel-1.4.7-1.oe2303
[   90s] [130/825] installing libtevent-0.13.0-1.oe2303
[   91s] [131/825] installing libthai-0.1.29-1.oe2303
[   91s] [132/825] installing libtheora-1:1.1.1-26.oe2303
[   91s] [133/825] installing libvorbis-1:1.3.7-2.oe2303
[   92s] [134/825] installing libxcb-1.15-1.oe2303
[   92s] [135/825] installing p11-kit-0.24.1-1.oe2303
[   93s] [136/825] installing pixman-devel-0.42.2-1.oe2303
[   93s] [137/825] installing wayland-1.21.0-2.oe2303
[   93s] [138/825] installing zlib-devel-1.2.13-1.oe2303
[   94s] [139/825] installing cyrus-sasl-lib-2.1.28-1.oe2303
[   94s] [140/825] installing fuse-2.9.9-11.oe2303
[   94s] [141/825] installing libSM-1.2.4-1.oe2303
[   95s] [142/825] installing libdatrie-devel-0.2.13-1.oe2303
[   95s] [143/825] installing libdb-5.3.28-41.oe2303
[   97s] [144/825] installing libffi-devel-3.4.4-2.oe2303
[   97s] [145/825] installing libicu-72.1-5.oe2303
[  102s] [146/825] installing libjpeg-turbo-devel-2.1.1-3.oe2303
[  103s] [147/825] installing libnetfilter_conntrack-1.0.9-4.oe2303
[  103s] [148/825] installing libxml2-2.9.14-7.oe2303
[  104s] [149/825] installing patch-2.7.6-20.oe2303
[  104s] [150/825] installing python3-tdb-1.4.7-1.oe2303
[  104s] [151/825] installing gc-8.2.2-1.oe2303
[  105s] [152/825] installing pcre-8.45-5.oe2303
[  105s] [153/825] installing perl-libs-4:5.34.0-4.oe2303
[  106s] [154/825] installing woff2-1.0.2-6.oe2303
[  107s] [155/825] installing hunspell-1.7.0-10.oe2303
[  107s] [156/825] installing thin-provisioning-tools-0.9.0-4.oe2303
[  108s] [157/825] installing wxBase3-3.0.4-8.oe2303
[  108s] [158/825] installing ncurses-6.4-1.oe2303
[  109s] [159/825] installing zstd-1.5.2-1.oe2303
[  110s] [160/825] installing libtiff-4.5.0-3.oe2303
[  110s] [161/825] installing hunspell-en-2020.12.07-2.oe2303
[  111s] [162/825] installing perl-parent-1:0.238-2.oe2303
[  111s] [163/825] installing perl-perlfaq-5.20210520-2.oe2303
[  111s] [164/825] installing gc-devel-8.2.2-1.oe2303
[  111s] [165/825] installing libX11-1.8.1-3.oe2303
[  112s] [166/825] installing mpfr-4.1.0-3.oe2303
[  112s] [167/825] installing nettle-3.8.1-1.oe2303
[  113s] [168/825] installing perl-Exporter-5.74-2.oe2303
[  113s] [169/825] installing jbig2dec-0.19-4.oe2303
[  114s] [170/825] installing libXau-devel-1.0.10-1.oe2303
[  114s] [171/825] installing libbpf-2:0.8.1-5.oe2303
[  114s] [172/825] installing libpng-devel-2:1.6.38-2.oe2303
[  114s] [173/825] installing libtevent-devel-0.13.0-1.oe2303
[  115s] [174/825] installing libthai-devel-0.1.29-1.oe2303
[  115s] [175/825] installing libxkbcommon-1.5.0-1.oe2303
[  115s] [176/825] installing sed-4.9-1.oe2303
[  116s] [177/825] installing acl-2.3.1-1.oe2303
[  116s] [178/825] installing iptables-libs-1.8.9-2.oe2303
[  116s] [179/825] installing libcomps-0.1.19-1.oe2303
[  117s] [180/825] installing mesa-libgbm-23.0.0-1.oe2303
[  117s] [181/825] installing gmp-c++-1:6.2.1-3.oe2303
[  117s] [182/825] installing python3-libxml2-2.9.14-7.oe2303
[  118s] [183/825] installing wayland-devel-1.21.0-2.oe2303
[  118s] [184/825] installing coreutils-9.0-7.oe2303
[  120s] [185/825] installing alsa-lib-1.2.8-1.oe2303
[  121s] [186/825] installing crontabs-1.11-23.oe2303
[  121s] [187/825] installing elfutils-default-yama-scope-0.187-10.oe2303
[  121s] /usr/lib/systemd/systemd-sysctl: error while loading shared libraries: libseccomp.so.2: cannot open shared object file: No such file or directory
[  121s] [188/825] installing gmp-devel-1:6.2.1-3.oe2303
[  122s] [189/825] installing hicolor-icon-theme-0.17-7.oe2303
[  123s] [190/825] installing libXcomposite-0.4.6-1.oe2303
[  123s] [191/825] installing libXext-1.3.5-1.oe2303
[  123s] [192/825] installing libXfixes-6.0.0-2.oe2303
[  123s] [193/825] installing libXpm-3.5.15-1.oe2303
[  124s] [194/825] installing libXrender-0.9.11-1.oe2303
[  124s] [195/825] installing perl-Carp-1.50-419.oe2303
[  124s] [196/825] installing perl-Perl-OSType-1.010-422.oe2303
[  124s] [197/825] installing perl-Pod-Escapes-1:1.07_01-1.oe2303
[  125s] [198/825] installing perl-Term-ANSIColor-5.01-2.oe2303
[  125s] [199/825] installing publicsuffix-list-20211113-3.oe2303
[  125s] [200/825] installing uname-build-checks-1.0-0.5.oe2303
[  126s] [201/825] installing adwaita-icon-theme-43-1.oe2303
[  128s] [202/825] installing bzip2-1.0.8-7.oe2303
[  128s] [203/825] installing gzip-1.12-3.oe2303
[  128s] [204/825] installing hostname-3.23-1.oe2303
[  129s] [205/825] installing libmpc-1.3.1-1.oe2303
[  129s] [206/825] installing libpaper-1.1.28-2.oe2303
[  129s] [207/825] installing libseccomp-2.5.4-1.oe2303
[  130s] [208/825] installing libxcb-devel-1.15-1.oe2303
[  130s] [209/825] installing lksctp-tools-1.0.19-2.oe2303
[  130s] [210/825] installing luajit-2.1.0-4.5.oe2303
[  131s] [211/825] installing npth-1.6-7.oe2303
[  131s] [212/825] installing orc-0.4.33-1.oe2303
[  132s] [213/825] installing popt-1.19-2.oe2303
[  132s] [214/825] installing sgml-common-0.6.3-52.oe2303
[  133s] [215/825] installing dwz-0.15-1.oe2303
[  133s] [216/825] installing grep-3.8-1.oe2303
[  133s] [217/825] installing info-6.8-5.oe2303
[  134s] [218/825] installing libXt-1.2.1-4.oe2303
[  134s] [219/825] installing libblkid-2.37.2-14.oe2303
[  135s] [220/825] installing libidn2-2.3.3-2.oe2303
[  135s] [221/825] installing libksba-1.6.3-1.oe2303
[  135s] [222/825] installing libwpe-1.6.0-1.oe2303
[  136s] [223/825] installing pcre-devel-8.45-5.oe2303
[  137s] [224/825] installing pcre2-devel-10.42-1.oe2303
[  138s] [225/825] installing tar-2:1.34-4.oe2303
[  139s] [226/825] installing tcl-1:8.6.13-2.oe2303
[  140s] [227/825] installing apr-1.7.0-5.oe2303
[  140s] [228/825] installing graphite2-1.3.14-6.oe2303
[  141s] [229/825] installing groff-base-1.22.4-12.oe2303
[  142s] [230/825] installing jsoncpp-1.9.5-3.oe2303
[  142s] [231/825] installing libgpg-error-devel-1.46-1.oe2303
[  142s] [232/825] installing lua-5.4.4-1.oe2303
[  143s] [233/825] installing perl-MIME-Base64-3.16-2.oe2303
[  143s] [234/825] installing slang-2.3.3-1.oe2303
[  144s] [235/825] installing unixODBC-2.3.9-3.oe2303
[  144s] [236/825] installing aspell-12:0.60.8-1.oe2303
[  145s] [237/825] installing glibc-devel-2.36-13.oe2303
[  148s] [238/825] installing libunwind-2:1.6.2-4.oe2303
[  148s] [239/825] installing libxslt-1.1.37-1.oe2303
[  149s] [240/825] installing libicu-devel-72.1-5.oe2303
[  150s] [241/825] installing gawk-5.2.0-3.oe2303
[  150s] [242/825] installing iproute-1:6.1.0-7.oe2303
[  151s] [243/825] installing gettext-0.21.1-1.oe2303
[  152s] [244/825] installing guile-5:2.2.7-2.oe2303
[  156s] [245/825] installing mesa-libEGL-23.0.0-1.oe2303
[  157s] [246/825] installing iso-codes-4.7.0-1.oe2303
[  159s] [247/825] installing bzip2-devel-1.0.8-7.oe2303
[  160s] [248/825] installing graphite2-devel-1.3.14-6.oe2303
[  160s] [249/825] installing lua-devel-5.4.4-1.oe2303
[  161s] [250/825] installing luajit-devel-2.1.0-4.5.oe2303
[  161s] [251/825] installing perl-PerlIO-via-QuotedPrint-0.10-1.oe2303
[  161s] [252/825] installing zip-3.0-30.oe2303
[  161s] [253/825] installing libXdamage-1.1.6-1.oe2303
[  162s] [254/825] installing libXi-1.8-2.oe2303
[  162s] [255/825] installing libXinerama-1.1.5-1.oe2303
[  163s] [256/825] installing libXv-1.0.12-1.oe2303
[  163s] [257/825] installing libXxf86vm-1.1.5-2.oe2303
[  163s] [258/825] installing libfdisk-2.37.2-14.oe2303
[  164s] [259/825] installing libglvnd-egl-1:1.3.4-3.oe2303
[  164s] [260/825] installing libglvnd-gles-1:1.3.4-3.oe2303
[  164s] [261/825] installing libxcrypt-devel-4.4.33-1.oe2303
[  165s] [262/825] installing lua-posix-35.0-1.oe2303
[  165s] [263/825] installing newt-0.52.23-1.oe2303
[  166s] [264/825] installing perl-Text-ParseWords-3.30-420.oe2303
[  166s] [265/825] installing bc-1.07.1-12.oe2303
[  166s] [266/825] installing efibootmgr-18-4.oe2303
[  166s] [267/825] installing file-libs-5.44-1.oe2303
[  167s] [268/825] installing libX11-devel-1.8.1-3.oe2303
[  168s] [269/825] installing libXcursor-1.2.1-1.oe2303
[  168s] [270/825] installing libXmu-1.1.4-1.oe2303
[  168s] [271/825] installing libXrandr-1.5.3-1.oe2303
[  169s] [272/825] installing libmount-2.37.2-14.oe2303
[  169s] [273/825] installing libselinux-devel-3.4-1.oe2303
[  170s] [274/825] installing perl-Digest-1.20-3.oe2303
[  170s] [275/825] installing unzip-6.0-51.oe2303
[  170s] [276/825] installing cracklib-2.9.8-1.oe2303
[  172s] [277/825] installing e2fsprogs-1.46.5-4.oe2303
[  173s] [278/825] installing libsemanage-3.4-1.oe2303
[  173s] [279/825] installing sqlite-3.37.2-5.oe2303
[  174s] [280/825] installing xz-5.2.10-1.oe2303
[  174s] [281/825] installing findutils-2:4.9.0-1.oe2303
[  175s] [282/825] installing freetype-2.12.1-1.oe2303
[  175s] [283/825] installing guile-devel-5:2.2.7-2.oe2303
[  176s] [284/825] installing libpsl-0.21.2-1.oe2303
[  176s] [285/825] installing logrotate-3.20.1-1.oe2303
[  177s] [286/825] installing make-1:4.4-2.oe2303
[  177s] [287/825] installing perl-Scalar-List-Utils-4:1.60-2.oe2303
[  177s] [288/825] installing perl-Time-HiRes-4:1.9767-3.oe2303
[  178s] [289/825] installing perl-Unicode-Normalize-1.28-2.oe2303
[  178s] [290/825] installing elfutils-libs-0.187-10.oe2303
[  179s] [291/825] installing libgcrypt-devel-1.9.4-1.oe2303
[  179s] [292/825] installing cpp-10.3.1-27.oe2303
[  182s] [293/825] installing man-db-2.11.0-1.oe2303
[  183s] [294/825] installing polkit-help-122-2.oe2303
[  184s] [295/825] installing xz-devel-5.2.10-1.oe2303
[  184s] [296/825] installing copy-jdk-configs-4.0-1.oe2303
[  185s] [297/825] installing libXext-devel-1.3.5-1.oe2303
[  185s] [298/825] installing libXfixes-devel-6.0.0-2.oe2303
[  185s] [299/825] installing libXrender-devel-0.9.11-1.oe2303
[  186s] [300/825] installing libXtst-1.2.4-1.oe2303
[  186s] [301/825] installing openEuler-release-23.03-54.oe2303
[  186s] [302/825] installing perl-Digest-MD5-2.58-2.oe2303
[  187s] [303/825] installing chkconfig-1.21-2.oe2303
[  187s] [304/825] installing file-5.44-1.oe2303
[  187s] [305/825] installing libXaw-1.0.14-2.oe2303
[  188s] [306/825] installing elfutils-0.187-10.oe2303
[  188s] [307/825] installing freetype-devel-2.12.1-1.oe2303
[  189s] [308/825] installing xorg-x11-font-utils-1:7.5-44.oe2303
[  189s] [309/825] installing glib2-2.74.4-2.oe2303
[  191s] [310/825] installing mesa-libGL-23.0.0-1.oe2303
[  192s] [311/825] installing fontconfig-2.14.2-1.oe2303
[  195s] [312/825] installing gsettings-desktop-schemas-43.0-1.oe2303
[  196s] [313/825] installing atk-2.38.0-1.oe2303
[  196s] [314/825] installing graphene-1.10.6-2.oe2303
[  196s] [315/825] installing json-glib-1.6.6-2.oe2303
[  197s] [316/825] installing setup-2.14.3-1.oe2303
[  197s] [317/825] installing libsecret-0.20.5-1.oe2303
[  198s] [318/825] installing urw-base35-bookman-fonts-20200910-1.oe2303
[  199s] [319/825] installing urw-base35-c059-fonts-20200910-1.oe2303
[  200s] [320/825] installing urw-base35-d050000l-fonts-20200910-1.oe2303
[  200s] [321/825] installing urw-base35-gothic-fonts-20200910-1.oe2303
[  201s] [322/825] installing urw-base35-nimbus-mono-ps-fonts-20200910-1.oe2303
[  202s] [323/825] installing urw-base35-nimbus-roman-fonts-20200910-1.oe2303
[  203s] [324/825] installing urw-base35-nimbus-sans-fonts-20200910-1.oe2303
[  205s] [325/825] installing urw-base35-p052-fonts-20200910-1.oe2303
[  206s] [326/825] installing urw-base35-standard-symbols-ps-fonts-20200910-1.oe2303
[  207s] [327/825] installing urw-base35-z003-fonts-20200910-1.oe2303
[  208s] [328/825] installing xorg-x11-fonts-7.5-25.oe2303
[  215s] [329/825] installing xorg-x11-fonts-others-7.5-25.oe2303
[  219s] [330/825] installing elfutils-extra-0.187-10.oe2303
[  219s] [331/825] installing gobject-introspection-1.74.0-1.oe2303
[  220s] [332/825] installing libXdamage-devel-1.1.6-1.oe2303
[  220s] [333/825] installing libXft-2.3.7-1.oe2303
[  221s] [334/825] installing libXinerama-devel-1.1.5-1.oe2303
[  221s] [335/825] installing libglvnd-glx-1:1.3.4-3.oe2303
[  222s] [336/825] installing libtiff-devel-4.5.0-3.oe2303
[  222s] [337/825] installing shared-mime-info-2.2-1.oe2303
[  224s] [338/825] installing binutils-2.37-14.oe2303
[  227s] [339/825] installing enchant2-2.3.3-1.oe2303
[  228s] [340/825] installing libXcursor-devel-1.2.1-1.oe2303
[  228s] [341/825] installing libXi-devel-1.8-2.oe2303
[  228s] [342/825] installing libXrandr-devel-1.5.3-1.oe2303
[  229s] [343/825] installing harfbuzz-6.0.0-1.oe2303
[  229s] [344/825] installing libxml2-devel-2.9.14-7.oe2303
[  232s] [345/825] installing p11-kit-trust-0.24.1-1.oe2303
[  232s] [346/825] installing babeltrace-1.5.8-6.oe2303
[  233s] [347/825] installing wpebackend-fdo-1.6.1-2.oe2303
[  233s] [348/825] installing cairo-1.17.4-3.oe2303
[  234s] [349/825] installing basesystem-12-3.oe2303
[  234s] [350/825] installing libxkbcommon-devel-1.5.0-1.oe2303
[  234s] [351/825] installing libraqm-0.7.0-3.oe2303
[  235s] [352/825] installing mesa-libGLU-9.0.2-1.oe2303
[  235s] [353/825] installing fontconfig-devel-2.14.2-1.oe2303
[  236s] [354/825] installing ca-certificates-2021.2.52-2.oe2303
[  241s] [355/825] installing gdk-pixbuf2-2.42.10-2.oe2303
[  242s] [356/825] installing libglvnd-devel-1:1.3.4-3.oe2303
[  242s] [357/825] installing pango-1.50.12-1.oe2303
[  243s] [358/825] installing urw-base35-fonts-20200910-1.oe2303
[  243s] [359/825] installing cairo-gobject-1.17.4-3.oe2303
[  243s] [360/825] installing gcc-10.3.1-27.oe2303
[  252s] [361/825] installing python-pip-wheel-22.3.1-1.oe2303
[  252s] [362/825] installing gtk-update-icon-cache-3.24.36-1.oe2303
[  252s] [363/825] installing gdk-pixbuf2-modules-2.42.10-2.oe2303
[  253s] [364/825] installing libepoxy-devel-1.5.10-2.oe2303
[  253s] [365/825] installing libXft-devel-2.3.7-1.oe2303
[  254s] [366/825] installing gcc-c++-10.3.1-27.oe2303
[  257s] [367/825] installing gd-2.3.2-1.oe2303
[  258s] [368/825] installing librsvg2-2.55.1-1.oe2303
[  260s] [369/825] installing python3-3.10.9-2.oe2303
[  264s] [370/825] installing python3-distro-1.6.0-2.oe2303
[  265s] [371/825] installing python3-markdown-3.3.7-2.oe2303
[  265s] [372/825] installing python3-markupsafe-2.1.1-1.oe2303
[  266s] [373/825] installing python3-dateutil-1:2.8.2-3.oe2303
[  266s] [374/825] installing python3-pip-22.3.1-1.oe2303
[  268s] [375/825] installing crypto-policies-20200619-3.git781bbd4.oe2303
[  269s] [376/825] installing python3-lxml-4.9.1-3.oe2303
[  270s] [377/825] installing python3-libcomps-0.1.19-1.oe2303
[  270s] [378/825] installing gdb-headless-12.1-2.oe2303
[  272s] [379/825] installing gdb-12.1-2.oe2303
[  273s] [380/825] installing python3-javapackages-5.3.0-5.oe2303
[  273s] [381/825] installing python3-mako-1.2.4-1.oe2303
[  274s] [382/825] installing compat-openssl11-libs-1:1.1.1m-3.oe2303
[  275s] [383/825] installing openssl-libs-1:3.0.8-3.oe2303
[  276s] [384/825] installing nss-3.85.0-2.oe2303
[  277s] [385/825] installing libevent-2.1.12-7.oe2303
[  278s] [386/825] installing libtcnative-1-0-1.2.23-6.oe2303
[  278s] [387/825] installing openldap-2.6.3-2.oe2303
[  279s] [388/825] installing kmod-libs-30-2.oe2303
[  279s] [389/825] installing nss-util-3.85.0-2.oe2303
[  280s] [390/825] installing kmod-30-2.oe2303
[  280s] [391/825] installing openssl-1:3.0.8-3.oe2303
[  281s] [392/825] installing libarchive-3.6.1-2.oe2303
[  281s] [393/825] installing debugedit-5.0-6.oe2303
[  282s] [394/825] installing libevent-devel-2.1.12-7.oe2303
[  282s] [395/825] installing libverto-0.3.2-3.oe2303
[  283s] [396/825] installing nss-softokn-3.85.0-2.oe2303
[  283s] [397/825] installing libldb-2.6.1-2.oe2303
[  284s] [398/825] installing libldb-devel-2.6.1-2.oe2303
[  284s] [399/825] installing python3-ldb-2.6.1-2.oe2303
[  284s] [400/825] installing krb5-libs-1.20.1-1.oe2303
[  285s] [401/825] installing libtirpc-1.3.3-2.oe2303
[  286s] [402/825] installing python3-ldb-devel-2.6.1-2.oe2303
[  286s] [403/825] installing libssh-0.10.4-2.oe2303
[  286s] [404/825] installing audit-1:3.0.9-1.oe2303
[  287s] Created symlink /etc/systemd/system/multi-user.target.wants/auditd.service -> /usr/lib/systemd/system/auditd.service.
[  287s] [405/825] installing libsoup3-3.2.2-1.oe2303
[  288s] [406/825] installing libnsl2-2.0.0-5.oe2303
[  288s] [407/825] installing libcurl-7.86.0-4.oe2303
[  289s] [408/825] installing libtracker-sparql3-3.4.2-1.oe2303
[  289s] [409/825] installing curl-7.86.0-4.oe2303
[  289s] [410/825] installing tpm2-tss-3.2.1-2.oe2303
[  290s] [411/825] installing pam-1.5.2-6.oe2303
[  291s] [412/825] installing ima-evm-utils-libs-1.4-1.oe2303
[  291s] [413/825] installing libpwquality-1.4.5-1.oe2303
[  292s] [414/825] installing libcap-2.66-1.oe2303
[  292s] [415/825] installing shadow-subid-devel-2:4.13-3.oe2303
[  293s] [416/825] installing sudo-1.9.12p2-3.oe2303
[  294s] [417/825] installing bubblewrap-0.4.1-1.oe2303
[  294s] [418/825] installing iputils-20221126-1.oe2303
[  294s] [419/825] installing gstreamer1-1.20.4-1.oe2303
[  295s] [420/825] installing systemd-libs-249-49.oe2303
[  296s] Detected system with incompatible nobody defined, creating /etc/systemd/dont-synthesize-nobody
[  296s] [421/825] installing shadow-2:4.13-3.oe2303
[  297s] [422/825] installing rpm-4.18.0-6.oe2303
[  298s] [423/825] installing efi-srpm-macros-4-9.oe2303
[  298s] [424/825] installing cmake-rpm-macros-3.24.3-1.oe2303
[  298s] [425/825] installing dbus-libs-1:1.14.0-2.oe2303
[  299s] [426/825] installing libgudev-237-2.oe2303
[  299s] [427/825] installing libusbx-1.0.26-1.oe2303
[  300s] [428/825] installing polkit-libs-122-2.oe2303
[  300s] [429/825] installing procps-ng-4.0.2-2.oe2303
[  301s] [430/825] installing libutempter-1.2.1-3.oe2303
[  301s] [431/825] installing webkit2gtk3-jsc-2.38.2-3.oe2303
[  305s] [432/825] installing erlang-erts-23.3.4.9-3.oe2303
[  307s] [433/825] installing rpm-libs-4.18.0-6.oe2303
[  307s] [434/825] installing gstreamer1-plugins-base-1.20.3-3.oe2303
[  309s] [435/825] installing systemd-249-49.oe2303
[  312s] [436/825] installing dbus-common-1:1.14.0-2.oe2303
[  313s] [437/825] installing dbus-tools-1:1.14.0-2.oe2303
[  313s] [438/825] installing erlang-erl_interface-23.3.4.9-3.oe2303
[  314s] [439/825] installing avahi-libs-0.8-15.oe2303
[  314s] [440/825] installing libgusb-0.3.10-1.oe2303
[  314s] [441/825] installing obs-env-1.0-7.oe2303
[  316s] fatal library error, lookup self
[  316s] [442/825] installing python3-dbus-1.3.2-1.oe2303
[  317s] [443/825] installing erlang-crypto-23.3.4.9-3.oe2303
[  317s] [444/825] installing libmodulemd-2.14.0-1.oe2303
[  318s] [445/825] installing net-tools-2.10-3.oe2303
[  318s] [446/825] installing pulseaudio-libs-16.1-8.oe2303
[  319s] [447/825] installing sysprof-cli-3.46.0-1.oe2303
[  320s] [448/825] installing libsolv-0.7.22-1.oe2303
[  320s] [449/825] installing openEuler-rpm-config-30-37.oe2303
[  321s] [450/825] installing cmake-3.24.3-1.oe2303
[  326s] [451/825] installing python3-rpm-4.18.0-6.oe2303
[  326s] [452/825] installing util-linux-2.37.2-14.oe2303
[  328s] [453/825] installing pulseaudio-libs-glib2-16.1-8.oe2303
[  329s] [454/825] installing util-linux-devel-2.37.2-14.oe2303
[  329s] [455/825] installing cmake-data-3.24.3-1.oe2303
[  331s] [456/825] installing erlang-stdlib-23.3.4.9-3.oe2303
[  332s] [457/825] installing colord-libs-1.4.5-4.oe2303
[  332s] [458/825] installing device-mapper-8:1.02.182-2.oe2303
[  333s] [459/825] installing dbus-daemon-1:1.14.0-2.oe2303
[  334s] [460/825] installing rpm-build-4.18.0-6.oe2303
[  335s] [461/825] installing perl-4:5.34.0-4.oe2303
[  337s] [462/825] installing dbus-1:1.14.0-2.oe2303
[  337s] [463/825] installing erlang-kernel-23.3.4.9-3.oe2303
[  338s] [464/825] installing perl-B-Debug-1.26-6.oe2303
[  338s] [465/825] installing perl-Env-1.04-398.oe2303
[  339s] [466/825] installing perl-Text-Tabs+Wrap-2021.0814-2.oe2303
[  339s] [467/825] installing perl-Devel-PPPort-3.63-2.oe2303
[  339s] [468/825] installing perl-Algorithm-Diff-1:1.201-2.oe2303
[  340s] [469/825] installing perl-Params-Check-1:0.38-419.oe2303
[  340s] [470/825] installing perl-Term-Cap-1.17-511.oe2303
[  340s] [471/825] installing perl-TermReadKey-2.38-2.oe2303
[  341s] [472/825] installing perl-Text-Balanced-2.06-1.oe2303
[  341s] [473/825] installing perl-threads-2:2.26-2.oe2303
[  342s] [474/825] installing perl-CPAN-Meta-YAML-0.018-421.oe2303
[  342s] [475/825] installing perl-Config-Perl-V-0.33-2.oe2303
[  342s] [476/825] installing perl-Error-1:0.17029-3.oe2303
[  343s] [477/825] installing perl-Filter-2:1.64-1.oe2303
[  343s] [478/825] installing perl-IPC-SysV-2.09-2.oe2303
[  343s] [479/825] installing perl-Locale-Maketext-1:1.29-2.oe2303
[  344s] [480/825] installing perl-constant-1.33-422.oe2303
[  344s] [481/825] installing perl-Socket-4:2.032-2.oe2303
[  345s] [482/825] installing perl-Storable-1:3.25-3.oe2303
[  345s] [483/825] installing device-mapper-event-8:1.02.182-2.oe2303
[  346s] Created symlink /etc/systemd/system/sockets.target.wants/dm-event.socket -> /usr/lib/systemd/system/dm-event.socket.
[  346s] [484/825] installing gcc_secure-1.0-0.12.oe2303
[  346s] [485/825] installing cryptsetup-2.6.0-2.oe2303
[  347s] [486/825] installing glib2-devel-2.74.4-2.oe2303
[  348s] [487/825] installing erlang-eunit-23.3.4.9-3.oe2303
[  349s] [488/825] installing erlang-ftp-23.3.4.9-3.oe2303
[  349s] [489/825] installing erlang-mnesia-23.3.4.9-3.oe2303
[  350s] [490/825] installing erlang-parsetools-23.3.4.9-3.oe2303
[  350s] [491/825] installing erlang-tftp-23.3.4.9-3.oe2303
[  351s] [492/825] installing erlang-xmerl-23.3.4.9-3.oe2303
[  352s] [493/825] installing graphene-devel-1.10.6-2.oe2303
[  352s] [494/825] installing xdg-dbus-proxy-0.1.2-1.oe2303
[  352s] [495/825] installing erlang-asn1-23.3.4.9-3.oe2303
[  353s] [496/825] installing erlang-syntax_tools-23.3.4.9-3.oe2303
[  354s] [497/825] installing polkit-devel-122-2.oe2303
[  354s] [498/825] installing erlang-odbc-23.3.4.9-3.oe2303
[  355s] [499/825] installing json-glib-devel-1.6.6-2.oe2303
[  355s] [500/825] installing perl-Filter-Simple-1:0.94-1.oe2303
[  355s] [501/825] installing perl-IO-Socket-IP-0.41-3.oe2303
[  356s] [502/825] installing perl-Text-Diff-1.45-8.oe2303
[  356s] [503/825] installing perl-Time-Local-2:1.300-2.oe2303
[  356s] [504/825] installing perl-version-8:0.99.29-2.oe2303
[  357s] [505/825] installing pulseaudio-libs-devel-16.1-8.oe2303
[  357s] [506/825] installing perl-IPC-System-Simple-1.30-3.oe2303
[  358s] [507/825] installing perl-threads-shared-1.62-2.oe2303
[  358s] [508/825] installing perl-Compress-Raw-Bzip2-2.201-1.oe2303
[  358s] [509/825] installing perl-Compress-Raw-Zlib-1:2.202-1.oe2303
[  359s] [510/825] installing perl-Locale-Codes-3.68-2.oe2303
[  360s] [511/825] installing perl-PathTools-3.80-2.oe2303
[  360s] [512/825] installing perl-Sys-Syslog-0.36-2.oe2303
[  360s] [513/825] installing perl-Math-BigInt-1:1.9998.27-2.oe2303
[  361s] [514/825] installing gdk-pixbuf2-devel-2.42.10-2.oe2303
[  361s] [515/825] installing perl-Data-Dumper-2.183-2.oe2303
[  362s] [516/825] installing unbound-libs-1.17.0-2.oe2303
[  363s] [517/825] installing at-spi2-core-2.44.1-2.oe2303
[  364s] [518/825] installing perl-Encode-4:3.16-2.oe2303
[  365s] [519/825] installing avahi-0.8-15.oe2303
[  366s] Created symlink /etc/systemd/system/sockets.target.wants/avahi-daemon.socket -> /usr/lib/systemd/system/avahi-daemon.socket.
[  366s] Created symlink /etc/systemd/system/dbus-org.freedesktop.Avahi.service -> /usr/lib/systemd/system/avahi-daemon.service.
[  366s] Created symlink /etc/systemd/system/multi-user.target.wants/avahi-daemon.service -> /usr/lib/systemd/system/avahi-daemon.service.
[  366s] [520/825] installing cairo-devel-1.17.4-3.oe2303
[  367s] [521/825] installing harfbuzz-devel-6.0.0-1.oe2303
[  367s] [522/825] installing lvm2-8:2.03.18-2.oe2303
[  369s] Created symlink /etc/systemd/system/sysinit.target.wants/lvm2-lvmpolld.socket -> /usr/lib/systemd/system/lvm2-lvmpolld.socket.
[  369s] [523/825] installing openssh-server-9.1p1-3.oe2303
[  370s] Created symlink /etc/systemd/system/multi-user.target.wants/sshd.service -> /usr/lib/systemd/system/sshd.service.
[  370s] [524/825] installing perl-Module-Load-1:0.36-2.oe2303
[  370s] [525/825] installing avahi-devel-0.8-15.oe2303
[  371s] [526/825] installing cairo-gobject-devel-1.17.4-3.oe2303
[  371s] [527/825] installing perl-Thread-Queue-3.13-4.oe2303
[  372s] [528/825] installing perl-experimental-0.030-1.oe2303
[  372s] [529/825] installing at-spi2-atk-2.38.0-2.oe2303
[  372s] [530/825] installing erlang-hipe-23.3.4.9-3.oe2303
[  373s] [531/825] installing erlang-public_key-23.3.4.9-3.oe2303
[  374s] [532/825] installing erlang-runtime_tools-23.3.4.9-3.oe2303
[  374s] [533/825] installing libraqm-devel-0.7.0-3.oe2303
[  375s] [534/825] installing perl-File-Path-2.18-2.oe2303
[  375s] [535/825] installing perl-Module-Metadata-1.000037-2.oe2303
[  375s] [536/825] installing perl-CPAN-Meta-Requirements-2.140-420.oe2303
[  376s] [537/825] installing perl-Encode-devel-4:3.16-2.oe2303
[  376s] [538/825] installing perl-HTTP-Tiny-0.080-1.oe2303
[  376s] [539/825] installing perl-Math-BigInt-FastCalc-0.5012-3.oe2303
[  377s] [540/825] installing perl-Math-BigRat-0.2620-2.oe2303
[  377s] [541/825] installing perl-Unicode-Collate-1.31-2.oe2303
[  378s] [542/825] installing perl-autodie-2.34-3.oe2303
[  379s] [543/825] installing openssh-9.1p1-3.oe2303
[  379s] [544/825] installing perl-libnet-3.14-2.oe2303
[  380s] [545/825] installing perl-podlators-1:4.14-2.oe2303
[  380s] [546/825] installing gnutls-3.7.8-2.oe2303
[  381s] [547/825] installing pango-devel-1.50.12-1.oe2303
[  382s] [548/825] installing NetworkManager-libnm-1:1.32.12-16.oe2303
[  383s] [549/825] installing cups-libs-1:2.4.0-5.oe2303
[  384s] [550/825] installing erlang-compiler-23.3.4.9-3.oe2303
[  385s] [551/825] installing erlang-ssh-23.3.4.9-3.oe2303
[  385s] [552/825] installing perl-ExtUtils-Command-1:7.62-2.oe2303
[  386s] [553/825] installing perl-ExtUtils-Manifest-1:1.73-2.oe2303
[  386s] [554/825] installing erlang-snmp-23.3.4.9-3.oe2303
[  387s] [555/825] installing perl-bignum-0.63-2.oe2303
[  387s] [556/825] installing erlang-inets-23.3.4.9-3.oe2303
[  388s] [557/825] installing perl-File-Temp-1:0.2311-3.oe2303
[  388s] [558/825] installing openssh-clients-9.1p1-3.oe2303
[  389s] [559/825] installing gnupg2-2.3.6-3.oe2303
[  391s] [560/825] installing gpgme-1.17.0-1.oe2303
[  391s] [561/825] installing erlang-otp_mibs-23.3.4.9-3.oe2303
[  392s] [562/825] installing erlang-ssl-23.3.4.9-3.oe2303
[  392s] [563/825] installing libproxy-0.4.18-1.oe2303
[  393s] [564/825] installing erlang-edoc-23.3.4.9-3.oe2303
[  393s] [565/825] installing erlang-tools-23.3.4.9-3.oe2303
[  394s] [566/825] installing git-core-2.39.1-3.oe2303
[  398s] [567/825] installing perl-Test-Simple-2:1.302188-2.oe2303
[  398s] [568/825] installing perl-Pod-Perldoc-1:3.28-5.oe2303
[  399s] [569/825] installing java-1.8.0-openjdk-headless-1:1.8.0.352.b08-5.oe2303
[  413s] [570/825] installing gtk2-2.24.33-7.oe2303
[  415s] [571/825] installing gtk3-3.24.36-1.oe2303
[  418s] [572/825] installing gtk4-4.9.1-1.oe2303
[  421s] [573/825] installing ant-lib-1.10.12-1.oe2303
[  422s] [574/825] installing aopalliance-1.0-19.oe2303
[  423s] [575/825] installing apache-commons-cli-1.4-7.oe2303
[  423s] [576/825] installing apache-commons-codec-1.11-6.oe2303
[  423s] [577/825] installing apache-commons-collections-3.2.2-11.oe2303
[  424s] [578/825] installing apache-commons-compress-1.21-1.oe2303
[  424s] [579/825] installing apache-commons-lang-2.6-23.oe2303
[  425s] [580/825] installing apache-commons-lang3-3.9-3.oe2303
[  425s] [581/825] installing apache-commons-logging-1.2-17.oe2303
[  425s] [582/825] installing apache-ivy-2.4.0-17.oe2303
[  427s] [583/825] installing apache-resource-bundles-2-23.oe2303
[  427s] [584/825] installing atinject-1-31.oe2303
[  428s] [585/825] installing avalon-logkit-2.1-34.oe2303
[  428s] [586/825] installing beust-jcommander-1.71-7.oe2303
[  428s] [587/825] installing dain-snappy-0.4-7.oe2303
[  428s] [588/825] installing extra166y-1.7.0-11.oe2303
[  429s] [589/825] installing felix-utils-1.10.4-5.oe2303
[  429s] [590/825] installing geronimo-annotation-1.0-26.oe2303
[  430s] [591/825] installing glassfish-servlet-api-3.1.0-17.oe2303
[  430s] [592/825] installing hawtjni-runtime-1.16-4.oe2303
[  431s] [593/825] installing httpcomponents-core-4.4.15-1.oe2303
[  432s] [594/825] installing jakarta-el-api-4.0.0-4.oe2303
[  433s] [595/825] installing jakarta-server-pages-api-2.3.6-1.oe2303
[  433s] [596/825] installing jboss-interceptors-1.2-api-1.0.1-2.oe2303
[  434s] [597/825] installing jdom2-2.0.6-16.oe2303
[  434s] [598/825] installing jsr-305-3.0.2-1.oe2303
[  434s] [599/825] installing jzlib-1.1.3-11.oe2303
[  435s] [600/825] installing maven-monitor-2.2.1-60.oe2303
[  435s] [601/825] installing maven-resolver-api-1:1.1.1-4.oe2303
[  435s] [602/825] installing multiverse-0.7.0-10.oe2303
[  436s] [603/825] installing objenesis-2.6-4.oe2303
[  437s] [604/825] installing osgi-annotation-7.0.0-1.oe2303
[  437s] [605/825] installing osgi-compendium-7.0.0-1.oe2303
[  438s] [606/825] installing osgi-core-7.0.0-1.oe2303
[  438s] [607/825] installing plexus-cipher-1.7-16.oe2303
[  438s] [608/825] installing plexus-classworlds-2.5.2-10.oe2303
[  439s] [609/825] installing plexus-containers-component-annotations-1.7.1-7.oe2303
[  439s] [610/825] installing plexus-interpolation-1.26-1.oe2303
[  439s] [611/825] installing plexus-utils-3.3.0-1.oe2303
[  440s] [612/825] installing qdox-2.0-5.M9.oe2303
[  440s] [613/825] installing slf4j-1.7.25-8.oe2303
[  440s] [614/825] installing xml-commons-apis-1.4.01-29.oe2303
[  442s] [615/825] installing xmlpull-1.1.3.1-1.oe2303
[  442s] [616/825] installing xmlunit-core-2.7.0-1.oe2303
[  442s] [617/825] installing xmvn-api-3.0.0-24.oe2303
[  443s] [618/825] installing xmvn-core-3.0.0-24.oe2303
[  443s] [619/825] installing xpp3-1.1.4-21.oe2303
[  443s] [620/825] installing xz-java-1.8-4.oe2303
[  444s] [621/825] installing ecj-1:4.12-1.oe2303
[  445s] [622/825] installing netty-tcnative-1.1.33-1.oe2303
[  445s] [623/825] installing python3-gpgme-1.17.0-1.oe2303
[  446s] [624/825] installing antlr-tool-2.7.7-60.oe2303
[  446s] [625/825] installing erlang-sasl-23.3.4.9-3.oe2303
[  447s] [626/825] installing log4j12-1.2.17-25.oe2303
[  447s] [627/825] installing erlang-eldap-23.3.4.9-3.oe2303
[  448s] [628/825] installing erlang-erl_docgen-23.3.4.9-3.oe2303
[  448s] [629/825] installing javapackages-tools-5.3.0-5.oe2303
[  449s] [630/825] installing glib-networking-2.74.0-1.oe2303
[  450s] [631/825] installing libadwaita-1.2.0-1.oe2303
[  450s] [632/825] installing erlang-diameter-23.3.4.9-3.oe2303
[  451s] [633/825] installing librepo-1.15.1-1.oe2303
[  451s] [634/825] installing perl-Pod-Usage-4:2.03-2.oe2303
[  452s] [635/825] installing java-1.8.0-openjdk-1:1.8.0.352.b08-5.oe2303
[  453s] [636/825] installing ghostscript-9.56.1-1.oe2303
[  457s] [637/825] installing gtk4-devel-4.9.1-1.oe2303
[  467s] [638/825] installing erlang-jinterface-23.3.4.9-3.oe2303
[  467s] [639/825] installing avalon-framework-4.3-24.oe2303
[  468s] [640/825] installing bsf-2.4.0-32.oe2303
[  468s] [641/825] installing fontbox-2.0.25-2.oe2303
[  468s] [642/825] installing jansi-native-1.7-8.oe2303
[  469s] [643/825] installing jcsp-1.1-0.13.oe2303
[  471s] [644/825] installing kxml-2.3.0-19.oe2303
[  471s] [645/825] installing maven-artifact-2.2.1-60.oe2303
[  471s] [646/825] installing maven-model-2.2.1-60.oe2303
[  472s] [647/825] installing maven-resolver-spi-1:1.1.1-4.oe2303
[  472s] [648/825] installing maven-resolver-util-1:1.1.1-4.oe2303
[  472s] [649/825] installing maven-wagon-provider-api-3.1.0-3.oe2303
[  473s] [650/825] installing mxparser-1.2.1-3.oe2303
[  473s] [651/825] installing plexus-component-api-1.0-0.25.alpha16.oe2303
[  473s] [652/825] installing snakeyaml-1.32-1.oe2303
[  474s] [653/825] installing ant-1.10.12-1.oe2303
[  474s] [654/825] installing apache-commons-configuration-1.10-13.oe2303
[  475s] [655/825] installing jakarta-commons-httpclient-1:3.1-30.oe2303
[  476s] [656/825] installing maven-invoker-2.2-9.oe2303
[  477s] [657/825] installing netty3-3.10.6-6.oe2303
[  479s] [658/825] installing objectweb-asm-8.0.1-1.oe2303
[  480s] [659/825] installing plexus-build-api-0.0.7-24.oe2303
[  480s] [660/825] installing plexus-sec-dispatcher-1.4-26.oe2303
[  481s] [661/825] installing velocity-1.7-26.oe2303
[  481s] [662/825] installing xml-commons-resolver-1.2-27.oe2303
[  481s] [663/825] installing xmvn-connector-aether-3.0.0-24.oe2303
[  482s] [664/825] installing cdi-api-1.2-10.oe2303
[  482s] [665/825] installing felix-bundlerepository-2.0.10-6.oe2303
[  482s] [666/825] installing httpcomponents-client-4.5.5-7.oe2303
[  483s] [667/825] installing xmvn-resolve-3.0.0-24.oe2303
[  483s] [668/825] installing xmvn-subst-3.0.0-24.oe2303
[  484s] [669/825] installing erlang-os_mon-23.3.4.9-3.oe2303
[  484s] [670/825] installing libsysprof-ui-3.46.0-1.oe2303
[  485s] [671/825] installing perl-Getopt-Long-1:2.52-2.oe2303
[  485s] [672/825] installing java-1.8.0-openjdk-devel-1:1.8.0.352.b08-5.oe2303
[  490s] [673/825] installing libsoup-2.74.3-1.oe2303
[  491s] [674/825] installing libdnf-0.69.0-3.oe2303
[  492s] [675/825] installing graphviz-2.48.0-3.oe2303
[  493s] [676/825] installing graphviz-devel-2.48.0-3.oe2303
[  494s] [677/825] installing cglib-3.3.0-1.oe2303
[  494s] [678/825] installing xstream-1.4.18-2.oe2303
[  495s] [679/825] installing httpcomponents-client-cache-4.5.5-7.oe2303
[  495s] [680/825] installing jansi-1.17.1-2.oe2303
[  496s] [681/825] installing maven-dependency-tree-3.0-7.oe2303
[  496s] [682/825] installing plexus-languages-0.9.10-4.oe2303
[  496s] [683/825] installing testng-6.14.3-6.oe2303
[  497s] [684/825] installing ant-antlr-1.10.12-1.oe2303
[  497s] [685/825] installing gssdp-1.4.0.1-1.oe2303
[  498s] [686/825] installing maven-resolver-impl-1:1.1.1-4.oe2303
[  498s] [687/825] installing perl-ExtUtils-ParseXS-2:3.35-2.oe2303
[  498s] [688/825] installing xmvn-mojo-3.0.0-24.oe2303
[  499s] [689/825] installing perl-Module-CoreList-1:5.20211020-2.oe2303
[  499s] [690/825] installing sisu-inject-1:0.3.3-6.oe2303
[  500s] [691/825] installing perl-Digest-SHA-1:6.02-8.oe2303
[  501s] [692/825] installing perl-Pod-Parser-1.63-399.oe2303
[  501s] [693/825] installing perl-Pod-Simple-1:3.43-2.oe2303
[  502s] [694/825] installing xerces-j2-2.12.2-1.oe2303
[  502s] [695/825] installing perl-Test-Harness-2:3.44-1.oe2303
[  503s] [696/825] installing aqute-bnd-3.5.0-9.oe2303
[  504s] [697/825] installing xmvn-install-3.0.0-24.oe2303
[  504s] [698/825] installing sysprof-3.46.0-1.oe2303
[  507s] [699/825] installing perl-IO-Compress-2.201-1.oe2303
[  507s] [700/825] installing perl-JSON-PP-1:4.12-2.oe2303
[  507s] [701/825] installing autoconf-2.71-3.oe2303
[  508s] [702/825] installing python3-libdnf-0.69.0-3.oe2303
[  509s] [703/825] installing git-2.39.1-3.oe2303
[  514s] [704/825] installing webkit2gtk3-2.38.2-3.oe2303
[  523s] [705/825] installing jline-2.14.6-4.oe2303
[  524s] [706/825] installing easymock-3.6-1.oe2303
[  524s] [707/825] installing perl-Git-2.39.1-3.oe2303
[  524s] [708/825] installing vala-devel-0.56.3-3.oe2303
[  525s] [709/825] installing gupnp-1.4.3-2.oe2303
[  526s] [710/825] installing javapackages-local-5.3.0-5.oe2303
[  526s] [711/825] installing perl-Pod-Checker-4:1.74-2.oe2303
[  527s] [712/825] installing xalan-j2-2.7.1-39.oe2303
[  535s] [713/825] installing perl-CPAN-Meta-2.150010-420.oe2303
[  535s] [714/825] installing perl-Module-Load-Conditional-0.74-2.oe2303
[  536s] [715/825] installing perl-Archive-Tar-2.40-2.oe2303
[  536s] [716/825] installing automake-1.16.5-4.oe2303
[  537s] [717/825] installing perl-ExtUtils-MakeMaker-1:7.62-2.oe2303
[  537s] [718/825] installing python3-hawkey-0.69.0-3.oe2303
[  537s] [719/825] installing wxGTK3-3.0.4-8.oe2303
[  540s] [720/825] installing gupnp-igd-1.2.0-1.oe2303
[  541s] [721/825] installing hamcrest-1.3-25.oe2303
[  541s] [722/825] installing bsh-2.0-16.b6.oe2303
[  542s] [723/825] installing scala-2.10.6-15.oe2303
[  550s] [724/825] installing libtool-2.4.7-2.oe2303
[  551s] [725/825] installing perl-ExtUtils-Install-2.20-2.oe2303
[  551s] [726/825] installing python3-dnf-4.14.0-13.oe2303
[  552s] [727/825] installing erlang-wx-23.3.4.9-3.oe2303
[  554s] [728/825] installing perl-IPC-Cmd-2:1.04-4.oe2303
[  554s] [729/825] installing junit-1:4.12-13.oe2303
[  554s] [730/825] installing dnf-4.14.0-13.oe2303
[  555s] [731/825] installing libnice-0.1.19-1.oe2303
[  556s] [732/825] installing parboiled-1.1.6-17.oe2303
[  556s] [733/825] installing erlang-debugger-23.3.4.9-3.oe2303
[  557s] [734/825] installing erlang-et-23.3.4.9-3.oe2303
[  557s] [735/825] installing python3-dnf-plugins-core-4.3.1-2.oe2303
[  558s] [736/825] installing erlang-reltool-23.3.4.9-3.oe2303
[  558s] [737/825] installing erlang-dialyzer-23.3.4.9-3.oe2303
[  559s] [738/825] installing gobject-introspection-devel-1.74.0-1.oe2303
[  561s] [739/825] installing perl-File-Fetch-1.04-1.oe2303
[  561s] [740/825] installing apache-commons-io-1:2.6-8.oe2303
[  562s] [741/825] installing pegdown-1.4.2-14.oe2303
[  562s] [742/825] installing dnf-plugins-core-4.3.1-2.oe2303
[  563s] [743/825] installing guava20-20.0-10.oe2303
[  564s] [744/825] installing xmlunit-legacy-2.7.0-1.oe2303
[  564s] [745/825] installing ant-junit-1.10.12-1.oe2303
[  564s] [746/825] installing erlang-megaco-23.3.4.9-3.oe2303
[  567s] [747/825] installing erlang-observer-23.3.4.9-3.oe2303
[  567s] [748/825] installing vala-0.56.3-3.oe2303
[  569s] [749/825] installing gstreamer1-plugins-bad-free-1.16.2-6.oe2303
[  571s] [750/825] installing maven-shared-utils-3.3.3-1.oe2303
[  571s] [751/825] installing plexus-io-3.2.0-1.oe2303
[  571s] [752/825] installing xmlgraphics-commons-2.2-4.oe2303
[  573s] [753/825] installing google-guice-4.1-13.oe2303
[  573s] [754/825] installing libadwaita-devel-1.2.0-1.oe2303
[  574s] [755/825] installing supermin-5.3.2-1.oe2303
[  575s] [756/825] installing erlang-common_test-23.3.4.9-3.oe2303
[  576s] [757/825] installing groovy-2.4.8-11.oe2303
[  581s] [758/825] installing maven-verifier-1.6-8.oe2303
[  582s] [759/825] installing batik-1.10-8.oe2303
[  595s] [760/825] installing gpars-1.2.1-13.oe2303
[  596s] [761/825] installing plexus-archiver-4.2.6-2.oe2303
[  596s] [762/825] installing sysprof-devel-3.46.0-1.oe2303
[  597s] [763/825] installing xbean-4.9-3.oe2303
[  598s] [764/825] installing maven-lib-1:3.6.3-1.oe2303
[  599s] [765/825] installing erlang-23.3.4.9-3.oe2303
[  599s] [766/825] installing maven-artifact-resolver-1:1.0-21.oe2303
[  600s] [767/825] installing maven-common-artifact-filters-3.0.1-7.oe2303
[  600s] [768/825] installing maven-plugin-testing-harness-3.3.0-14.oe2303
[  601s] [769/825] installing maven-shared-incremental-1.1-16.oe2303
[  601s] [770/825] installing maven-filtering-3.1.1-7.oe2303
[  602s] [771/825] installing plexus-containers-container-default-1.7.1-7.oe2303
[  602s] [772/825] installing byte-buddy-1.12.0-2.oe2303
[  603s] [773/825] installing maven-archiver-3.5.2-1.oe2303
[  604s] [774/825] installing fop-2.2-5.oe2303
[  611s] [775/825] installing xmvn-minimal-3.0.0-24.oe2303
[  611s] [776/825] installing byte-buddy-agent-1.12.0-2.oe2303
[  612s] [777/825] installing byte-buddy-maven-plugin-1.12.0-2.oe2303
[  612s] [778/825] installing byte-buddy-parent-1.12.0-2.oe2303
[  613s] [779/825] installing maven-doxia-logging-api-1.7-12.oe2303
[  613s] [780/825] installing maven-enforcer-api-1.4.1-11.oe2303
[  613s] [781/825] installing maven-plugin-registry-2.2.1-60.oe2303
[  614s] [782/825] installing plexus-i18n-1.0-0.12.b10.6.oe2303
[  614s] [783/825] installing plexus-resources-1.0-0.25.a7.oe2303
[  614s] [784/825] installing mockito-2.23.9-2.oe2303
[  615s] [785/825] installing plexus-cli-1.6-9.oe2303
[  615s] [786/825] installing plexus-velocity-1.2-6.oe2303
[  616s] [787/825] installing maven-jar-plugin-3.1.0-4.oe2303
[  616s] [788/825] installing maven-profile-2.2.1-60.oe2303
[  616s] [789/825] installing maven-settings-2.2.1-60.oe2303
[  617s] [790/825] installing maven-artifact-manager-2.2.1-60.oe2303
[  617s] [791/825] installing maven-resources-plugin-3.1.0-5.oe2303
[  618s] [792/825] installing maven-artifact-transfer-1:0.9.0-7.oe2303
[  618s] [793/825] installing maven-doxia-sink-api-1.7-12.oe2303
[  619s] [794/825] installing maven-enforcer-rules-1.4.1-11.oe2303
[  619s] [795/825] installing maven-project-2.2.1-60.oe2303
[  619s] [796/825] installing maven-reporting-api-3.0-17.oe2303
[  620s] [797/825] installing maven-enforcer-plugin-1.4.1-11.oe2303
[  620s] [798/825] installing maven-plugin-build-helper-1.9.1-10.oe2303
[  621s] [799/825] installing maven-doxia-core-1.7-12.oe2303
[  621s] [800/825] installing plexus-containers-component-metadata-1.7.1-7.oe2303
[  621s] [801/825] installing maven-remote-resources-plugin-1.5-5.oe2303
[  622s] [802/825] installing plexus-pom-5.0-4.oe2303
[  622s] [803/825] installing apache-parent-19-5.oe2303
[  622s] [804/825] installing maven-doxia-module-apt-1.7-12.oe2303
[  623s] [805/825] installing maven-doxia-module-fml-1.7-12.oe2303
[  623s] [806/825] installing maven-doxia-module-xdoc-1.7-12.oe2303
[  624s] [807/825] installing maven-doxia-module-xhtml-1.7-12.oe2303
[  624s] [808/825] installing maven-doxia-module-fo-1.7-12.oe2303
[  624s] [809/825] installing maven-parent-27-8.oe2303
[  625s] [810/825] installing httpcomponents-project-9-1.oe2303
[  625s] [811/825] installing plexus-components-pom-1.3.1-14.oe2303
[  625s] [812/825] installing maven-doxia-module-markdown-1.7-12.oe2303
[  626s] [813/825] installing plexus-compiler-2.8.2-4.oe2303
[  626s] [814/825] installing plexus-interactivity-1.0-2.oe2303
[  627s] [815/825] installing maven-plugin-tools-3.5.1-7.oe2303
[  628s] [816/825] installing maven-doxia-sitetools-1.7.5-5.oe2303
[  628s] [817/825] installing maven-compiler-plugin-3.8.0-2.oe2303
[  629s] [818/825] installing maven-reporting-impl-3.0.0-6.oe2303
[  629s] [819/825] installing maven-surefire-2.22.0-7.oe2303
[  630s] [820/825] installing maven-javadoc-plugin-3.0.1-3.oe2303
[  630s] [821/825] installing maven-surefire-plugin-2.22.0-7.oe2303
[  631s] [822/825] installing maven-surefire-provider-junit-2.22.0-7.oe2303
[  631s] [823/825] installing maven-surefire-provider-testng-2.22.0-7.oe2303
[  631s] [824/825] installing maven-plugin-bundle-3.5.0-5.oe2303
[  632s] [825/825] installing maven-local-5.3.0-5.oe2303
[  632s] now finalizing build dir...
[  633s] egrep: warning: egrep is obsolescent; using grep -E
[  633s] egrep: warning: egrep is obsolescent; using grep -E
[  633s] RTNETLINK answers: File exists
[  633s] RTNETLINK answers: Permission denied
[  633s] Network setup
[  633s] Cannot find device "eth0"
[  633s] Cannot find device "eth0"
[  633s] Cannot find device "eth0"
[  633s] Error: Nexthop has invalid gateway.
[  634s] /home/abuild/rpmbuild
[  634s] Running build time source services...
[  638s] -----------------------------------------------------------------
[  638s] ----- building httpcomponents-asyncclient.spec (user abuild)
[  638s] -----------------------------------------------------------------
[  638s] -----------------------------------------------------------------
[  638s] egrep: warning: egrep is obsolescent; using grep -E
[  639s] /.build:/.build:/sbin:/usr/sbin:/bin:/usr/bin:/.build:/sbin:/usr/sbin:/bin:/usr/bin:/usr/local/sbin:/usr/local/bin:/usr/sbin:/usr/bin:/sbin:/bin
[  639s] printenv PATH
[  639s] export PATH=/usr/local/sbin:/usr/local/bin:/usr/sbin:/usr/bin:/.build:/.build:/sbin:/usr/sbin:/bin:/usr/bin:/.build:/sbin:/usr/sbin:/bin:/usr/bin:/usr/local/sbin:/usr/local/bin:/usr/sbin:/usr/bin:/sbin:/bin
[  639s] rpmspec -P /home/abuild/rpmbuild/SOURCES/httpcomponents-asyncclient.spec || echo parse spec fail.
[  639s] #!/bin/sh -x
[  639s] exec "rpmbuild" "--noclean" "-ba" "--define" "_srcdefattr (-,root,root)" "--nosignature" "--define" "disturl obs://private/openEuler:23.03/23.03/505b3f44c609ee678f0be1df35ac9ba9-httpcomponents-asyncclient" "/home/abuild/rpmbuild/SOURCES/httpcomponents-asyncclient.spec"
[  640s] /usr/local/bin:/usr/bin
[  640s] Name:                httpcomponents-asyncclient
[  640s] Version:             4.1.5
[  640s] Release:             1
[  640s] Summary:             Apache components to build asynchronous client side HTTP services
[  640s] License:             ASL 2.0
[  640s] URL:                 http://hc.apache.org/
[  640s] Source0:             http://archive.apache.org/dist/httpcomponents/httpasyncclient/source/httpcomponents-asyncclient-4.1.5-src.tar.gz
[  640s] BuildRequires:       maven-local mvn(commons-io:commons-io) mvn(commons-logging:commons-logging)
[  640s] BuildRequires:       mvn(junit:junit) mvn(org.apache.felix:maven-bundle-plugin)
[  640s] BuildRequires:       mvn(org.apache.httpcomponents:httpclient-cache)
[  640s] BuildRequires:       mvn(org.apache.httpcomponents:httpclient)
[  640s] BuildRequires:       mvn(org.apache.httpcomponents:httpcore)
[  640s] BuildRequires:       mvn(org.apache.httpcomponents:httpcore-nio)
[  640s] BuildRequires:       mvn(org.apache.httpcomponents:project:pom:)
[  640s] BuildRequires:       mvn(org.codehaus.mojo:build-helper-maven-plugin) mvn(org.mockito:mockito-core)
[  640s] BuildArch:           noarch
[  640s] %description
[  640s] Asynch HttpClient is a HTTP/1.1 compliant HTTP agent implementation based on
[  640s] HttpCore NIO and HttpClient components. It is a complementary module to
[  640s] Apache HttpClient intended for special cases where ability to handle
[  640s] a great number of concurrent connections is more important than performance
[  640s] in terms of a raw data throughput.
[  640s] 
[  640s] %package cache
[  640s] Summary:             Apache HttpAsyncClient Cache
[  640s] %description cache
[  640s] This package provides client side caching for httpcomponents-asyncclient.
[  640s] 
[  640s] %package parent
[  640s] Summary:             Apache HttpAsyncClient Parent POM
[  640s] %description parent
[  640s] Apache HttpAsyncClient Parent POM.
[  640s] 
[  640s] %package javadoc
[  640s] Summary:             Javadoc for httpcomponents-asyncclient
[  640s] %description javadoc
[  640s] This package contains javadoc for httpcomponents-asyncclient.
[  640s] 
[  640s] %prep
[  640s] cd '/home/abuild/rpmbuild/BUILD'
[  640s] rm -rf 'httpcomponents-asyncclient-4.1.5'
[  640s] /usr/bin/mkdir -p 'httpcomponents-asyncclient-4.1.5'
[  640s] cd 'httpcomponents-asyncclient-4.1.5'
[  640s] /usr/lib/rpm/rpmuncompress -x /home/abuild/rpmbuild/SOURCES/httpcomponents-asyncclient-4.1.5-src.tar.gz
[  640s] STATUS=$?
[  640s] if [ $STATUS -ne 0 ]; then
[  640s]   exit $STATUS
[  640s] fi
[  640s] /usr/bin/chmod -Rf a+rX,u+w,g-w,o-w .
[  640s] find . -name "*.class" -delete
[  640s] find . -name "*.jar" -type f -delete
[  640s]  /usr/bin/python3 /usr/share/java-utils/pom_editor.py pom_remove_plugin  :maven-jar-plugin
[  640s] 
[  640s]  /usr/bin/python3 /usr/share/java-utils/pom_editor.py pom_remove_plugin  :maven-jar-plugin ./httpasyncclient-cache
[  640s] 
[  640s]  /usr/bin/python3 /usr/share/java-utils/pom_editor.py pom_remove_plugin  :maven-jar-plugin ./httpasyncclient
[  640s] 
[  640s]  /usr/bin/python3 /usr/share/java-utils/pom_editor.py pom_remove_plugin  :maven-checkstyle-plugin
[  640s] 
[  640s]  /usr/bin/python3 /usr/share/java-utils/pom_editor.py pom_remove_plugin  :maven-site-plugin
[  640s] 
[  640s]  /usr/bin/python3 /usr/share/java-utils/pom_editor.py pom_remove_plugin  :maven-source-plugin
[  640s] 
[  640s]  /usr/bin/python3 /usr/share/java-utils/pom_editor.py pom_remove_plugin  :clirr-maven-plugin
[  640s] 
[  640s]  /usr/bin/python3 /usr/share/java-utils/pom_editor.py pom_disable_module httpasyncclient-osgi
[  640s] 
[  640s]  /usr/bin/python3 /usr/share/java-utils/pom_editor.py pom_remove_plugin  -r :apache-rat-plugin
[  640s] 
[  640s]  /usr/bin/python3 /usr/share/java-utils/pom_editor.py pom_xpath_remove   "pom:dependency[pom:type = 'test-jar']" httpasyncclient-cache
[  640s] 
[  640s]  /usr/bin/python3 /usr/share/java-utils/pom_editor.py pom_xpath_remove   "pom:dependency[pom:scope = 'test']" httpasyncclient-cache
[  640s] 
[  640s] rm -r httpasyncclient-cache/src/test/java
[  640s] rm -f httpasyncclient/src/test/java/org/apache/http/impl/nio/conn/TestPoolingHttpClientAsyncConnectionManager.java
[  640s] rm -f httpasyncclient/src/test/java/org/apache/http/nio/client/integration/TestHttpAsyncPrematureTermination.java
[  640s] for p in httpasyncclient httpasyncclient-cache; do
[  640s]   /usr/bin/python3 /usr/share/java-utils/pom_editor.py pom_xpath_set      "pom:project/pom:packaging" bundle ${p}
[  640s] 
[  640s]   /usr/bin/python3 /usr/share/java-utils/pom_editor.py pom_add_plugin     org.apache.felix:maven-bundle-plugin:2.3.7 ${p} "
[  640s] 
[  640s]  <extensions>true</extensions>
[  640s]  <configuration>
[  640s]   <instructions>
[  640s]     <Export-Package>*</Export-Package>
[  640s]   </instructions>
[  640s]   <excludeDependencies>true</excludeDependencies>
[  640s]  </configuration>"
[  640s] done
[  640s] /usr/bin/python3 /usr/share/java-utils/mvn_file.py org.apache.httpcomponents:httpasyncclient httpasyncclient
[  640s] /usr/bin/python3 /usr/share/java-utils/mvn_file.py org.apache.httpcomponents:httpasyncclient-cache httpasyncclient-cache
[  640s] 
[  640s] /usr/bin/python3 /usr/share/java-utils/mvn_build.py     -s -- -Dproject.build.sourceEncoding=UTF-8
[  640s] 
[  640s] 
[  640s] 
[  640s] %install
[  640s] 
[  640s] xmvn-install    -R .xmvn-reactor -n httpcomponents-asyncclient  -d "/home/abuild/rpmbuild/BUILDROOT/httpcomponents-asyncclient-4.1.5-1.oe2303.riscv64" 
[  640s] jdir=target/site/apidocs; [ -d .xmvn/apidocs ] && jdir=.xmvn/apidocs 
[  640s] /usr/bin/mkdir -p /home/abuild/rpmbuild/BUILDROOT/httpcomponents-asyncclient-4.1.5-1.oe2303.riscv64/usr/share/licenses 
[  640s] if [ -d "${jdir}" ]; then 
[  640s]    install -dm755 /home/abuild/rpmbuild/BUILDROOT/httpcomponents-asyncclient-4.1.5-1.oe2303.riscv64/usr/share/javadoc/httpcomponents-asyncclient 
[  640s]    cp -pr "${jdir}"/* /home/abuild/rpmbuild/BUILDROOT/httpcomponents-asyncclient-4.1.5-1.oe2303.riscv64/usr/share/javadoc/httpcomponents-asyncclient 
[  640s]    echo '/usr/share/javadoc/httpcomponents-asyncclient' >>.mfiles-javadoc 
[  640s] fi 
[  640s] 
[  640s] 
[  640s] %files -f .mfiles-httpasyncclient
[  640s] %doc README.txt RELEASE_NOTES.txt
[  640s] %license LICENSE.txt NOTICE.txt
[  640s] 
[  640s] %files cache -f .mfiles-httpasyncclient-cache
[  640s] %license LICENSE.txt NOTICE.txt
[  640s] 
[  640s] %files parent -f .mfiles-httpcomponents-asyncclient
[  640s] %license LICENSE.txt NOTICE.txt
[  640s] 
[  640s] %files javadoc -f .mfiles-javadoc
[  640s] %license LICENSE.txt NOTICE.txt
[  640s] 
[  640s] %changelog
[  640s] * Fri May 27 2022 xu_ping <xuping33@h-partners.com> - 4.1.5-1
[  640s] - Upgrade 4.1.5
[  640s] 
[  640s] * Fri Aug 21 2020 maminjie <maminjie1@huawei.com> - 4.1.2-1
[  640s] - package init
[  640s] Executing(%prep): /bin/sh -e /var/tmp/rpm-tmp.EX0dmi
[  640s] + umask 022
[  640s] + cd /home/abuild/rpmbuild/BUILD
[  640s] + case httpcomponents-asyncclient in
[  640s] + cd /home/abuild/rpmbuild/BUILD
[  640s] + rm -rf httpcomponents-asyncclient-4.1.5
[  640s] + /usr/bin/mkdir -p httpcomponents-asyncclient-4.1.5
[  640s] + cd httpcomponents-asyncclient-4.1.5
[  640s] + /usr/lib/rpm/rpmuncompress -x /home/abuild/rpmbuild/SOURCES/httpcomponents-asyncclient-4.1.5-src.tar.gz
[  640s] + STATUS=0
[  640s] + '[' 0 -ne 0 ']'
[  640s] + /usr/bin/chmod -Rf a+rX,u+w,g-w,o-w .
[  640s] + find . -name '*.class' -delete
[  640s] + find . -name '*.jar' -type f -delete
[  640s] + /usr/bin/python3 /usr/share/java-utils/pom_editor.py pom_remove_plugin :maven-jar-plugin
[  641s] + /usr/bin/python3 /usr/share/java-utils/pom_editor.py pom_remove_plugin :maven-jar-plugin ./httpasyncclient-cache
[  642s] + /usr/bin/python3 /usr/share/java-utils/pom_editor.py pom_remove_plugin :maven-jar-plugin ./httpasyncclient
[  642s] + /usr/bin/python3 /usr/share/java-utils/pom_editor.py pom_remove_plugin :maven-checkstyle-plugin
[  643s] + /usr/bin/python3 /usr/share/java-utils/pom_editor.py pom_remove_plugin :maven-site-plugin
[  644s] + /usr/bin/python3 /usr/share/java-utils/pom_editor.py pom_remove_plugin :maven-source-plugin
[  644s] + /usr/bin/python3 /usr/share/java-utils/pom_editor.py pom_remove_plugin :clirr-maven-plugin
[  645s] + /usr/bin/python3 /usr/share/java-utils/pom_editor.py pom_disable_module httpasyncclient-osgi
[  646s] + /usr/bin/python3 /usr/share/java-utils/pom_editor.py pom_remove_plugin -r :apache-rat-plugin
[  646s] + /usr/bin/python3 /usr/share/java-utils/pom_editor.py pom_xpath_remove 'pom:dependency[pom:type = '\''test-jar'\'']' httpasyncclient-cache
[  647s] + /usr/bin/python3 /usr/share/java-utils/pom_editor.py pom_xpath_remove 'pom:dependency[pom:scope = '\''test'\'']' httpasyncclient-cache
[  648s] + rm -r httpasyncclient-cache/src/test/java
[  648s] + rm -f httpasyncclient/src/test/java/org/apache/http/impl/nio/conn/TestPoolingHttpClientAsyncConnectionManager.java
[  648s] + rm -f httpasyncclient/src/test/java/org/apache/http/nio/client/integration/TestHttpAsyncPrematureTermination.java
[  648s] + for p in httpasyncclient httpasyncclient-cache
[  648s] + /usr/bin/python3 /usr/share/java-utils/pom_editor.py pom_xpath_set pom:project/pom:packaging bundle httpasyncclient
[  648s] + /usr/bin/python3 /usr/share/java-utils/pom_editor.py pom_add_plugin org.apache.felix:maven-bundle-plugin:2.3.7 httpasyncclient '
[  648s] 
[  648s]  <extensions>true</extensions>
[  648s]  <configuration>
[  648s]   <instructions>
[  648s]     <Export-Package>*</Export-Package>
[  648s]   </instructions>
[  648s]   <excludeDependencies>true</excludeDependencies>
[  648s]  </configuration>'
[  649s] + for p in httpasyncclient httpasyncclient-cache
[  649s] + /usr/bin/python3 /usr/share/java-utils/pom_editor.py pom_xpath_set pom:project/pom:packaging bundle httpasyncclient-cache
[  650s] + /usr/bin/python3 /usr/share/java-utils/pom_editor.py pom_add_plugin org.apache.felix:maven-bundle-plugin:2.3.7 httpasyncclient-cache '
[  650s] 
[  650s]  <extensions>true</extensions>
[  650s]  <configuration>
[  650s]   <instructions>
[  650s]     <Export-Package>*</Export-Package>
[  650s]   </instructions>
[  650s]   <excludeDependencies>true</excludeDependencies>
[  650s]  </configuration>'
[  650s] + /usr/bin/python3 /usr/share/java-utils/mvn_file.py org.apache.httpcomponents:httpasyncclient httpasyncclient
[  651s] + /usr/bin/python3 /usr/share/java-utils/mvn_file.py org.apache.httpcomponents:httpasyncclient-cache httpasyncclient-cache
[  652s] + RPM_EC=0
[  652s] ++ jobs -p
[  652s] + exit 0
[  652s] Executing(%build): /bin/sh -e /var/tmp/rpm-tmp.aeLMrJ
[  652s] + umask 022
[  652s] + cd /home/abuild/rpmbuild/BUILD
[  652s] + case httpcomponents-asyncclient in
[  652s] + cd httpcomponents-asyncclient-4.1.5
[  652s] + /usr/bin/python3 /usr/share/java-utils/mvn_build.py -s -- -Dproject.build.sourceEncoding=UTF-8
[  652s] Executing: xmvn --batch-mode --offline -Dproject.build.sourceEncoding=UTF-8 verify org.fedoraproject.xmvn:xmvn-mojo:install org.apache.maven.plugins:maven-javadoc-plugin:aggregate org.fedoraproject.xmvn:xmvn-mojo:builddep
[  652s] ['xmvn', '--batch-mode', '--offline', '-Dproject.build.sourceEncoding=UTF-8', 'verify', 'org.fedoraproject.xmvn:xmvn-mojo:install', 'org.apache.maven.plugins:maven-javadoc-plugin:aggregate', 'org.fedoraproject.xmvn:xmvn-mojo:builddep']
[  672s] [INFO] Scanning for projects...
[  696s] [WARNING] 
[  696s] [WARNING] Some problems were encountered while building the effective model for org.apache.httpcomponents:httpcomponents-asyncclient:pom:4.1.5
[  696s] [WARNING] 'build.pluginManagement.plugins.plugin.(groupId:artifactId)' must be unique but found duplicate declaration of plugin org.apache.maven.plugins:maven-project-info-reports-plugin @ org.apache.httpcomponents:httpcomponents-parent:9, /usr/share/maven-poms/httpcomponents-project.pom, line 629, column 17
[  696s] [WARNING] 
[  696s] [WARNING] It is highly recommended to fix these problems because they threaten the stability of your build.
[  696s] [WARNING] 
[  696s] [WARNING] For this reason, future Maven versions might no longer support building such malformed projects.
[  696s] [WARNING] 
[  696s] [INFO] ------------------------------------------------------------------------
[  696s] [INFO] Reactor Build Order:
[  696s] [INFO] 
[  696s] [INFO] Apache HttpComponents AsyncClient                                  [pom]
[  696s] [INFO] Apache HttpAsyncClient                                          [bundle]
[  696s] [INFO] Apache HttpAsyncClient Cache                                    [bundle]
[  703s] [INFO] 
[  703s] [INFO] --------< org.apache.httpcomponents:httpcomponents-asyncclient >--------
[  703s] [INFO] Building Apache HttpComponents AsyncClient 4.1.5                   [1/3]
[  703s] [INFO] --------------------------------[ pom ]---------------------------------
[  705s] [INFO] 
[  705s] [INFO] --- maven-enforcer-plugin:1.4.1:enforce (enforce-maven-version) @ httpcomponents-asyncclient ---
[  713s] [INFO] 
[  713s] [INFO] --- build-helper-maven-plugin:1.9.1:parse-version (parse-version) @ httpcomponents-asyncclient ---
[  716s] [INFO] 
[  716s] [INFO] --- maven-remote-resources-plugin:1.5:process (process-resource-bundles) @ httpcomponents-asyncclient ---
[  722s] [INFO] 
[  722s] [INFO] -------------< org.apache.httpcomponents:httpasyncclient >--------------
[  722s] [INFO] Building Apache HttpAsyncClient 4.1.5                              [2/3]
[  722s] [INFO] -------------------------------[ bundle ]-------------------------------
[  727s] [INFO] 
[  727s] [INFO] --- maven-enforcer-plugin:1.4.1:enforce (enforce-maven-version) @ httpasyncclient ---
[  733s] [INFO] 
[  733s] [INFO] --- build-helper-maven-plugin:1.9.1:parse-version (parse-version) @ httpasyncclient ---
[  735s] [INFO] 
[  735s] [INFO] --- build-helper-maven-plugin:1.9.1:add-source (add-source) @ httpasyncclient ---
[  735s] [INFO] Source directory: /home/abuild/rpmbuild/BUILD/httpcomponents-asyncclient-4.1.5/httpasyncclient/src/main/java-deprecated added.
[  735s] [INFO] 
[  735s] [INFO] --- maven-remote-resources-plugin:1.5:process (process-resource-bundles) @ httpasyncclient ---
[  743s] [INFO] 
[  743s] [INFO] --- maven-resources-plugin:3.1.0:resources (default-resources) @ httpasyncclient ---
[  745s] [INFO] Using 'UTF-8' encoding to copy filtered resources.
[  745s] [INFO] Copying 1 resource
[  745s] [INFO] Copying 5 resources
[  745s] [INFO] 
[  745s] [INFO] --- maven-compiler-plugin:3.8.0:compile (default-compile) @ httpasyncclient ---
[  748s] [INFO] Changes detected - recompiling the module!
[  748s] [INFO] Compiling 77 source files to /home/abuild/rpmbuild/BUILD/httpcomponents-asyncclient-4.1.5/httpasyncclient/target/classes
[  809s] [WARNING] bootstrap class path not set in conjunction with -source 1.6
[  809s] [WARNING] /home/abuild/rpmbuild/BUILD/httpcomponents-asyncclient-4.1.5/httpasyncclient/src/main/java-deprecated/org/apache/http/impl/nio/conn/DefaultClientAsyncConnectionFactory.java:[52,30] org.apache.http.params.HttpParams in org.apache.http.params has been deprecated
[  809s] [WARNING] /home/abuild/rpmbuild/BUILD/httpcomponents-asyncclient-4.1.5/httpasyncclient/src/main/java-deprecated/org/apache/http/nio/conn/ClientAsyncConnectionFactory.java:[30,30] org.apache.http.params.HttpParams in org.apache.http.params has been deprecated
[  809s] [WARNING] /home/abuild/rpmbuild/BUILD/httpcomponents-asyncclient-4.1.5/httpasyncclient/src/main/java/org/apache/http/impl/nio/client/HttpAsyncClientBuilder.java:[67,32] org.apache.http.conn.ssl.X509HostnameVerifier in org.apache.http.conn.ssl has been deprecated
[  809s] [WARNING] /home/abuild/rpmbuild/BUILD/httpcomponents-asyncclient-4.1.5/httpasyncclient/src/main/java-deprecated/org/apache/http/impl/nio/client/AbstractHttpAsyncClient.java:[43,28] org.apache.http.auth.AuthSchemeRegistry in org.apache.http.auth has been deprecated
[  810s] [WARNING] /home/abuild/rpmbuild/BUILD/httpcomponents-asyncclient-4.1.5/httpasyncclient/src/main/java-deprecated/org/apache/http/impl/nio/client/AbstractHttpAsyncClient.java:[51,37] org.apache.http.client.params.AuthPolicy in org.apache.http.client.params has been deprecated
[  810s] [WARNING] /home/abuild/rpmbuild/BUILD/httpcomponents-asyncclient-4.1.5/httpasyncclient/src/main/java-deprecated/org/apache/http/impl/nio/client/AbstractHttpAsyncClient.java:[52,37] org.apache.http.client.params.CookiePolicy in org.apache.http.client.params has been deprecated
[  810s] [WARNING] /home/abuild/rpmbuild/BUILD/httpcomponents-asyncclient-4.1.5/httpasyncclient/src/main/java-deprecated/org/apache/http/impl/nio/client/AbstractHttpAsyncClient.java:[53,39] org.apache.http.client.protocol.ClientContext in org.apache.http.client.protocol has been deprecated
[  810s] [WARNING] /home/abuild/rpmbuild/BUILD/httpcomponents-asyncclient-4.1.5/httpasyncclient/src/main/java-deprecated/org/apache/http/impl/nio/client/AbstractHttpAsyncClient.java:[59,30] org.apache.http.cookie.CookieSpecRegistry in org.apache.http.cookie has been deprecated
[  810s] [WARNING] /home/abuild/rpmbuild/BUILD/httpcomponents-asyncclient-4.1.5/httpasyncclient/src/main/java-deprecated/org/apache/http/impl/nio/client/AbstractHttpAsyncClient.java:[73,35] org.apache.http.impl.cookie.BestMatchSpecFactory in org.apache.http.impl.cookie has been deprecated
[  810s] [WARNING] /home/abuild/rpmbuild/BUILD/httpcomponents-asyncclient-4.1.5/httpasyncclient/src/main/java-deprecated/org/apache/http/impl/nio/client/AbstractHttpAsyncClient.java:[74,35] org.apache.http.impl.cookie.BrowserCompatSpecFactory in org.apache.http.impl.cookie has been deprecated
[  810s] [WARNING] /home/abuild/rpmbuild/BUILD/httpcomponents-asyncclient-4.1.5/httpasyncclient/src/main/java-deprecated/org/apache/http/impl/nio/client/AbstractHttpAsyncClient.java:[75,35] org.apache.http.impl.cookie.IgnoreSpecFactory in org.apache.http.impl.cookie has been deprecated
[  810s] [WARNING] /home/abuild/rpmbuild/BUILD/httpcomponents-asyncclient-4.1.5/httpasyncclient/src/main/java-deprecated/org/apache/http/impl/nio/client/AbstractHttpAsyncClient.java:[76,35] org.apache.http.impl.cookie.NetscapeDraftSpecFactory in org.apache.http.impl.cookie has been deprecated
[  810s] [WARNING] /home/abuild/rpmbuild/BUILD/httpcomponents-asyncclient-4.1.5/httpasyncclient/src/main/java-deprecated/org/apache/http/impl/nio/client/AbstractHttpAsyncClient.java:[77,35] org.apache.http.impl.cookie.RFC2109SpecFactory in org.apache.http.impl.cookie has been deprecated
[  810s] [WARNING] /home/abuild/rpmbuild/BUILD/httpcomponents-asyncclient-4.1.5/httpasyncclient/src/main/java-deprecated/org/apache/http/impl/nio/client/AbstractHttpAsyncClient.java:[78,35] org.apache.http.impl.cookie.RFC2965SpecFactory in org.apache.http.impl.cookie has been deprecated
[  810s] [WARNING] /home/abuild/rpmbuild/BUILD/httpcomponents-asyncclient-4.1.5/httpasyncclient/src/main/java-deprecated/org/apache/http/impl/nio/client/AbstractHttpAsyncClient.java:[87,36] org.apache.http.nio.protocol.HttpAsyncRequestExecutionHandler in org.apache.http.nio.protocol has been deprecated
[  810s] [WARNING] /home/abuild/rpmbuild/BUILD/httpcomponents-asyncclient-4.1.5/httpasyncclient/src/main/java-deprecated/org/apache/http/impl/nio/client/AbstractHttpAsyncClient.java:[94,30] org.apache.http.params.HttpParams in org.apache.http.params has been deprecated
[  810s] [WARNING] /home/abuild/rpmbuild/BUILD/httpcomponents-asyncclient-4.1.5/httpasyncclient/src/main/java-deprecated/org/apache/http/impl/nio/client/AbstractHttpAsyncClient.java:[96,32] org.apache.http.protocol.BasicHttpProcessor in org.apache.http.protocol has been deprecated
[  810s] [WARNING] /home/abuild/rpmbuild/BUILD/httpcomponents-asyncclient-4.1.5/httpasyncclient/src/main/java-deprecated/org/apache/http/impl/nio/client/AbstractHttpAsyncClient.java:[97,32] org.apache.http.protocol.DefaultedHttpContext in org.apache.http.protocol has been deprecated
[  810s] [WARNING] /home/abuild/rpmbuild/BUILD/httpcomponents-asyncclient-4.1.5/httpasyncclient/src/main/java-deprecated/org/apache/http/nio/conn/ManagedClientAsyncConnection.java:[34,28] org.apache.http.conn.HttpRoutedConnection in org.apache.http.conn has been deprecated
[  810s] [WARNING] /home/abuild/rpmbuild/BUILD/httpcomponents-asyncclient-4.1.5/httpasyncclient/src/main/java-deprecated/org/apache/http/nio/conn/ManagedClientAsyncConnection.java:[37,30] org.apache.http.params.HttpParams in org.apache.http.params has been deprecated
[  810s] [WARNING] /home/abuild/rpmbuild/BUILD/httpcomponents-asyncclient-4.1.5/httpasyncclient/src/main/java-deprecated/org/apache/http/impl/nio/client/DefaultHttpAsyncClient.java:[34,39] org.apache.http.client.protocol.RequestProxyAuthentication in org.apache.http.client.protocol has been deprecated
[  810s] [WARNING] /home/abuild/rpmbuild/BUILD/httpcomponents-asyncclient-4.1.5/httpasyncclient/src/main/java-deprecated/org/apache/http/impl/nio/client/DefaultHttpAsyncClient.java:[35,39] org.apache.http.client.protocol.RequestTargetAuthentication in org.apache.http.client.protocol has been deprecated
[  810s] [WARNING] /home/abuild/rpmbuild/BUILD/httpcomponents-asyncclient-4.1.5/httpasyncclient/src/main/java-deprecated/org/apache/http/impl/nio/client/DefaultHttpAsyncClient.java:[38,32] org.apache.http.nio.conn.ClientAsyncConnectionManager in org.apache.http.nio.conn has been deprecated
[  810s] [WARNING] /home/abuild/rpmbuild/BUILD/httpcomponents-asyncclient-4.1.5/httpasyncclient/src/main/java-deprecated/org/apache/http/impl/nio/client/DefaultHttpAsyncClient.java:[40,30] org.apache.http.params.HttpConnectionParams in org.apache.http.params has been deprecated
[  810s] [WARNING] /home/abuild/rpmbuild/BUILD/httpcomponents-asyncclient-4.1.5/httpasyncclient/src/main/java-deprecated/org/apache/http/impl/nio/client/DefaultHttpAsyncClient.java:[41,30] org.apache.http.params.HttpParams in org.apache.http.params has been deprecated
[  810s] [WARNING] /home/abuild/rpmbuild/BUILD/httpcomponents-asyncclient-4.1.5/httpasyncclient/src/main/java-deprecated/org/apache/http/impl/nio/client/DefaultHttpAsyncClient.java:[42,30] org.apache.http.params.HttpProtocolParams in org.apache.http.params has been deprecated
[  810s] [WARNING] /home/abuild/rpmbuild/BUILD/httpcomponents-asyncclient-4.1.5/httpasyncclient/src/main/java-deprecated/org/apache/http/impl/nio/client/DefaultHttpAsyncClient.java:[43,30] org.apache.http.params.SyncBasicHttpParams in org.apache.http.params has been deprecated
[  810s] [WARNING] /home/abuild/rpmbuild/BUILD/httpcomponents-asyncclient-4.1.5/httpasyncclient/src/main/java-deprecated/org/apache/http/impl/nio/client/DefaultHttpAsyncClient.java:[44,32] org.apache.http.protocol.BasicHttpProcessor in org.apache.http.protocol has been deprecated
[  810s] [WARNING] /home/abuild/rpmbuild/BUILD/httpcomponents-asyncclient-4.1.5/httpasyncclient/src/main/java-deprecated/org/apache/http/impl/nio/client/ParamConfig.java:[31,35] org.apache.http.auth.params.AuthPNames in org.apache.http.auth.params has been deprecated
[  810s] [WARNING] /home/abuild/rpmbuild/BUILD/httpcomponents-asyncclient-4.1.5/httpasyncclient/src/main/java-deprecated/org/apache/http/impl/nio/client/ParamConfig.java:[33,37] org.apache.http.client.params.ClientPNames in org.apache.http.client.params has been deprecated
[  810s] [WARNING] /home/abuild/rpmbuild/BUILD/httpcomponents-asyncclient-4.1.5/httpasyncclient/src/main/java-deprecated/org/apache/http/impl/nio/client/ParamConfig.java:[34,37] org.apache.http.client.params.HttpClientParams in org.apache.http.client.params has been deprecated
[  810s] [WARNING] /home/abuild/rpmbuild/BUILD/httpcomponents-asyncclient-4.1.5/httpasyncclient/src/main/java-deprecated/org/apache/http/impl/nio/client/ParamConfig.java:[35,35] org.apache.http.conn.params.ConnRouteParams in org.apache.http.conn.params has been deprecated
[  810s] [WARNING] /home/abuild/rpmbuild/BUILD/httpcomponents-asyncclient-4.1.5/httpasyncclient/src/main/java-deprecated/org/apache/http/impl/nio/client/ParamConfig.java:[36,30] org.apache.http.params.HttpConnectionParams in org.apache.http.params has been deprecated
[  810s] [WARNING] /home/abuild/rpmbuild/BUILD/httpcomponents-asyncclient-4.1.5/httpasyncclient/src/main/java-deprecated/org/apache/http/impl/nio/client/ParamConfig.java:[37,30] org.apache.http.params.HttpParams in org.apache.http.params has been deprecated
[  810s] [WARNING] /home/abuild/rpmbuild/BUILD/httpcomponents-asyncclient-4.1.5/httpasyncclient/src/main/java-deprecated/org/apache/http/impl/nio/client/ParamConfig.java:[38,30] org.apache.http.params.HttpProtocolParams in org.apache.http.params has been deprecated
[  810s] [WARNING] /home/abuild/rpmbuild/BUILD/httpcomponents-asyncclient-4.1.5/httpasyncclient/src/main/java-deprecated/org/apache/http/impl/nio/client/DefaultAsyncRequestDirector.java:[58,38] org.apache.http.client.methods.AbortableHttpRequest in org.apache.http.client.methods has been deprecated
[  810s] [WARNING] /home/abuild/rpmbuild/BUILD/httpcomponents-asyncclient-4.1.5/httpasyncclient/src/main/java-deprecated/org/apache/http/impl/nio/client/DefaultAsyncRequestDirector.java:[60,37] org.apache.http.client.params.ClientPNames in org.apache.http.client.params has been deprecated
[  810s] [WARNING] /home/abuild/rpmbuild/BUILD/httpcomponents-asyncclient-4.1.5/httpasyncclient/src/main/java-deprecated/org/apache/http/impl/nio/client/DefaultAsyncRequestDirector.java:[61,37] org.apache.http.client.params.HttpClientParams in org.apache.http.client.params has been deprecated
[  811s] [WARNING] /home/abuild/rpmbuild/BUILD/httpcomponents-asyncclient-4.1.5/httpasyncclient/src/main/java-deprecated/org/apache/http/impl/nio/client/DefaultAsyncRequestDirector.java:[62,39] org.apache.http.client.protocol.ClientContext in org.apache.http.client.protocol has been deprecated
[  811s] [WARNING] /home/abuild/rpmbuild/BUILD/httpcomponents-asyncclient-4.1.5/httpasyncclient/src/main/java-deprecated/org/apache/http/impl/nio/client/DefaultAsyncRequestDirector.java:[72,35] org.apache.http.impl.client.ClientParamsStack in org.apache.http.impl.client has been deprecated
[  811s] [WARNING] /home/abuild/rpmbuild/BUILD/httpcomponents-asyncclient-4.1.5/httpasyncclient/src/main/java-deprecated/org/apache/http/impl/nio/client/DefaultAsyncRequestDirector.java:[73,35] org.apache.http.impl.client.EntityEnclosingRequestWrapper in org.apache.http.impl.client has been deprecated
[  811s] [WARNING] /home/abuild/rpmbuild/BUILD/httpcomponents-asyncclient-4.1.5/httpasyncclient/src/main/java-deprecated/org/apache/http/impl/nio/client/DefaultAsyncRequestDirector.java:[74,35] org.apache.http.impl.client.HttpAuthenticator in org.apache.http.impl.client has been deprecated
[  811s] [WARNING] /home/abuild/rpmbuild/BUILD/httpcomponents-asyncclient-4.1.5/httpasyncclient/src/main/java-deprecated/org/apache/http/impl/nio/client/DefaultAsyncRequestDirector.java:[75,35] org.apache.http.impl.client.RequestWrapper in org.apache.http.impl.client has been deprecated
[  811s] [WARNING] /home/abuild/rpmbuild/BUILD/httpcomponents-asyncclient-4.1.5/httpasyncclient/src/main/java-deprecated/org/apache/http/impl/nio/client/DefaultAsyncRequestDirector.java:[76,35] org.apache.http.impl.client.RoutedRequest in org.apache.http.impl.client has been deprecated
[  811s] [WARNING] /home/abuild/rpmbuild/BUILD/httpcomponents-asyncclient-4.1.5/httpasyncclient/src/main/java-deprecated/org/apache/http/impl/nio/client/DefaultAsyncRequestDirector.java:[81,32] org.apache.http.nio.conn.ClientAsyncConnectionManager in org.apache.http.nio.conn has been deprecated
[  811s] [WARNING] /home/abuild/rpmbuild/BUILD/httpcomponents-asyncclient-4.1.5/httpasyncclient/src/main/java-deprecated/org/apache/http/impl/nio/client/DefaultAsyncRequestDirector.java:[82,32] org.apache.http.nio.conn.ManagedClientAsyncConnection in org.apache.http.nio.conn has been deprecated
[  811s] [WARNING] /home/abuild/rpmbuild/BUILD/httpcomponents-asyncclient-4.1.5/httpasyncclient/src/main/java-deprecated/org/apache/http/impl/nio/client/DefaultAsyncRequestDirector.java:[83,39] org.apache.http.nio.conn.scheme.AsyncScheme in org.apache.http.nio.conn.scheme has been deprecated
[  811s] [WARNING] /home/abuild/rpmbuild/BUILD/httpcomponents-asyncclient-4.1.5/httpasyncclient/src/main/java-deprecated/org/apache/http/impl/nio/client/DefaultAsyncRequestDirector.java:[84,39] org.apache.http.nio.conn.scheme.AsyncSchemeRegistry in org.apache.http.nio.conn.scheme has been deprecated
[  811s] [WARNING] /home/abuild/rpmbuild/BUILD/httpcomponents-asyncclient-4.1.5/httpasyncclient/src/main/java-deprecated/org/apache/http/impl/nio/client/DefaultAsyncRequestDirector.java:[85,36] org.apache.http.nio.protocol.HttpAsyncRequestExecutionHandler in org.apache.http.nio.protocol has been deprecated
[  811s] [WARNING] /home/abuild/rpmbuild/BUILD/httpcomponents-asyncclient-4.1.5/httpasyncclient/src/main/java-deprecated/org/apache/http/impl/nio/client/DefaultAsyncRequestDirector.java:[89,30] org.apache.http.params.HttpConnectionParams in org.apache.http.params has been deprecated
[  811s] [WARNING] /home/abuild/rpmbuild/BUILD/httpcomponents-asyncclient-4.1.5/httpasyncclient/src/main/java-deprecated/org/apache/http/impl/nio/client/DefaultAsyncRequestDirector.java:[90,30] org.apache.http.params.HttpParams in org.apache.http.params has been deprecated
[  811s] [WARNING] /home/abuild/rpmbuild/BUILD/httpcomponents-asyncclient-4.1.5/httpasyncclient/src/main/java-deprecated/org/apache/http/impl/nio/client/DefaultAsyncRequestDirector.java:[91,30] org.apache.http.params.HttpProtocolParams in org.apache.http.params has been deprecated
[  811s] [WARNING] /home/abuild/rpmbuild/BUILD/httpcomponents-asyncclient-4.1.5/httpasyncclient/src/main/java-deprecated/org/apache/http/impl/nio/client/DefaultAsyncRequestDirector.java:[92,32] org.apache.http.protocol.ExecutionContext in org.apache.http.protocol has been deprecated
[  811s] [WARNING] /home/abuild/rpmbuild/BUILD/httpcomponents-asyncclient-4.1.5/httpasyncclient/src/main/java-deprecated/org/apache/http/impl/nio/client/ResultCallback.java:[29,36] org.apache.http.nio.protocol.HttpAsyncRequestExecutionHandler in org.apache.http.nio.protocol has been deprecated
[  811s] [WARNING] /home/abuild/rpmbuild/BUILD/httpcomponents-asyncclient-4.1.5/httpasyncclient/src/main/java-deprecated/org/apache/http/impl/nio/conn/DefaultHttpAsyncRoutePlanner.java:[35,39] org.apache.http.client.protocol.ClientContext in org.apache.http.client.protocol has been deprecated
[  811s] [WARNING] /home/abuild/rpmbuild/BUILD/httpcomponents-asyncclient-4.1.5/httpasyncclient/src/main/java-deprecated/org/apache/http/impl/nio/conn/DefaultHttpAsyncRoutePlanner.java:[36,35] org.apache.http.conn.params.ConnRouteParams in org.apache.http.conn.params has been deprecated
[  811s] [WARNING] /home/abuild/rpmbuild/BUILD/httpcomponents-asyncclient-4.1.5/httpasyncclient/src/main/java-deprecated/org/apache/http/impl/nio/conn/DefaultHttpAsyncRoutePlanner.java:[39,39] org.apache.http.nio.conn.scheme.AsyncScheme in org.apache.http.nio.conn.scheme has been deprecated
[  811s] [WARNING] /home/abuild/rpmbuild/BUILD/httpcomponents-asyncclient-4.1.5/httpasyncclient/src/main/java-deprecated/org/apache/http/impl/nio/conn/DefaultHttpAsyncRoutePlanner.java:[40,39] org.apache.http.nio.conn.scheme.AsyncSchemeRegistry in org.apache.http.nio.conn.scheme has been deprecated
[  811s] [WARNING] /home/abuild/rpmbuild/BUILD/httpcomponents-asyncclient-4.1.5/httpasyncclient/src/main/java-deprecated/org/apache/http/impl/nio/conn/DefaultHttpAsyncRoutePlanner.java:[41,39] org.apache.http.nio.conn.scheme.LayeringStrategy in org.apache.http.nio.conn.scheme has been deprecated
[  811s] [WARNING] /home/abuild/rpmbuild/BUILD/httpcomponents-asyncclient-4.1.5/httpasyncclient/src/main/java-deprecated/org/apache/http/nio/conn/ssl/SSLLayeringStrategy.java:[50,32] org.apache.http.conn.ssl.BrowserCompatHostnameVerifier in org.apache.http.conn.ssl has been deprecated
[  811s] [WARNING] /home/abuild/rpmbuild/BUILD/httpcomponents-asyncclient-4.1.5/httpasyncclient/src/main/java-deprecated/org/apache/http/nio/conn/ssl/SSLLayeringStrategy.java:[51,32] org.apache.http.conn.ssl.SSLContexts in org.apache.http.conn.ssl has been deprecated
[  811s] [WARNING] /home/abuild/rpmbuild/BUILD/httpcomponents-asyncclient-4.1.5/httpasyncclient/src/main/java-deprecated/org/apache/http/nio/conn/ssl/SSLLayeringStrategy.java:[53,32] org.apache.http.conn.ssl.X509HostnameVerifier in org.apache.http.conn.ssl has been deprecated
[  811s] [WARNING] /home/abuild/rpmbuild/BUILD/httpcomponents-asyncclient-4.1.5/httpasyncclient/src/main/java-deprecated/org/apache/http/nio/conn/ssl/SSLLayeringStrategy.java:[54,39] org.apache.http.nio.conn.scheme.LayeringStrategy in org.apache.http.nio.conn.scheme has been deprecated
[  811s] [WARNING] /home/abuild/rpmbuild/BUILD/httpcomponents-asyncclient-4.1.5/httpasyncclient/src/main/java-deprecated/org/apache/http/impl/nio/conn/HttpNIOConnPool.java:[37,39] org.apache.http.nio.conn.scheme.AsyncScheme in org.apache.http.nio.conn.scheme has been deprecated
[  811s] [WARNING] /home/abuild/rpmbuild/BUILD/httpcomponents-asyncclient-4.1.5/httpasyncclient/src/main/java-deprecated/org/apache/http/impl/nio/conn/HttpNIOConnPool.java:[38,39] org.apache.http.nio.conn.scheme.AsyncSchemeRegistry in org.apache.http.nio.conn.scheme has been deprecated
[  811s] [WARNING] /home/abuild/rpmbuild/BUILD/httpcomponents-asyncclient-4.1.5/httpasyncclient/src/main/java-deprecated/org/apache/http/impl/nio/conn/HttpPoolEntry.java:[36,32] org.apache.http.nio.conn.ClientAsyncConnection in org.apache.http.nio.conn has been deprecated
[  811s] [WARNING] /home/abuild/rpmbuild/BUILD/httpcomponents-asyncclient-4.1.5/httpasyncclient/src/main/java/org/apache/http/nio/conn/ssl/SSLIOSessionStrategy.java:[43,32] org.apache.http.conn.ssl.AllowAllHostnameVerifier in org.apache.http.conn.ssl has been deprecated
[  811s] [WARNING] /home/abuild/rpmbuild/BUILD/httpcomponents-asyncclient-4.1.5/httpasyncclient/src/main/java/org/apache/http/nio/conn/ssl/SSLIOSessionStrategy.java:[44,32] org.apache.http.conn.ssl.BrowserCompatHostnameVerifier in org.apache.http.conn.ssl has been deprecated
[  811s] [WARNING] /home/abuild/rpmbuild/BUILD/httpcomponents-asyncclient-4.1.5/httpasyncclient/src/main/java/org/apache/http/nio/conn/ssl/SSLIOSessionStrategy.java:[46,32] org.apache.http.conn.ssl.StrictHostnameVerifier in org.apache.http.conn.ssl has been deprecated
[  811s] [WARNING] /home/abuild/rpmbuild/BUILD/httpcomponents-asyncclient-4.1.5/httpasyncclient/src/main/java/org/apache/http/nio/conn/ssl/SSLIOSessionStrategy.java:[47,32] org.apache.http.conn.ssl.X509HostnameVerifier in org.apache.http.conn.ssl has been deprecated
[  811s] [WARNING] /home/abuild/rpmbuild/BUILD/httpcomponents-asyncclient-4.1.5/httpasyncclient/src/main/java-deprecated/org/apache/http/impl/nio/client/DefaultResultCallback.java:[32,36] org.apache.http.nio.protocol.HttpAsyncRequestExecutionHandler in org.apache.http.nio.protocol has been deprecated
[  812s] [WARNING] /home/abuild/rpmbuild/BUILD/httpcomponents-asyncclient-4.1.5/httpasyncclient/src/main/java-deprecated/org/apache/http/impl/nio/conn/DefaultClientAsyncConnection.java:[36,32] org.apache.http.nio.conn.ClientAsyncConnection in org.apache.http.nio.conn has been deprecated
[  812s] [WARNING] /home/abuild/rpmbuild/BUILD/httpcomponents-asyncclient-4.1.5/httpasyncclient/src/main/java-deprecated/org/apache/http/impl/nio/conn/DefaultClientAsyncConnection.java:[39,30] org.apache.http.params.HttpParams in org.apache.http.params has been deprecated
[  812s] [WARNING] /home/abuild/rpmbuild/BUILD/httpcomponents-asyncclient-4.1.5/httpasyncclient/src/main/java-deprecated/org/apache/http/impl/nio/conn/PoolingClientAsyncConnectionManager.java:[38,32] org.apache.http.nio.conn.ClientAsyncConnectionFactory in org.apache.http.nio.conn has been deprecated
[  812s] [WARNING] /home/abuild/rpmbuild/BUILD/httpcomponents-asyncclient-4.1.5/httpasyncclient/src/main/java-deprecated/org/apache/http/impl/nio/conn/PoolingClientAsyncConnectionManager.java:[39,32] org.apache.http.nio.conn.ClientAsyncConnectionManager in org.apache.http.nio.conn has been deprecated
[  812s] [WARNING] /home/abuild/rpmbuild/BUILD/httpcomponents-asyncclient-4.1.5/httpasyncclient/src/main/java-deprecated/org/apache/http/impl/nio/conn/PoolingClientAsyncConnectionManager.java:[40,32] org.apache.http.nio.conn.ManagedClientAsyncConnection in org.apache.http.nio.conn has been deprecated
[  812s] [WARNING] /home/abuild/rpmbuild/BUILD/httpcomponents-asyncclient-4.1.5/httpasyncclient/src/main/java-deprecated/org/apache/http/impl/nio/conn/PoolingClientAsyncConnectionManager.java:[41,39] org.apache.http.nio.conn.scheme.AsyncSchemeRegistry in org.apache.http.nio.conn.scheme has been deprecated
[  812s] [WARNING] /home/abuild/rpmbuild/BUILD/httpcomponents-asyncclient-4.1.5/httpasyncclient/src/main/java-deprecated/org/apache/http/impl/nio/conn/AsyncSchemeRegistryFactory.java:[32,39] org.apache.http.nio.conn.scheme.AsyncScheme in org.apache.http.nio.conn.scheme has been deprecated
[  812s] [WARNING] /home/abuild/rpmbuild/BUILD/httpcomponents-asyncclient-4.1.5/httpasyncclient/src/main/java-deprecated/org/apache/http/impl/nio/conn/AsyncSchemeRegistryFactory.java:[33,39] org.apache.http.nio.conn.scheme.AsyncSchemeRegistry in org.apache.http.nio.conn.scheme has been deprecated
[  812s] [WARNING] /home/abuild/rpmbuild/BUILD/httpcomponents-asyncclient-4.1.5/httpasyncclient/src/main/java-deprecated/org/apache/http/impl/nio/conn/AsyncSchemeRegistryFactory.java:[34,36] org.apache.http.nio.conn.ssl.SSLLayeringStrategy in org.apache.http.nio.conn.ssl has been deprecated
[  812s] [WARNING] /home/abuild/rpmbuild/BUILD/httpcomponents-asyncclient-4.1.5/httpasyncclient/src/main/java-deprecated/org/apache/http/impl/nio/conn/ManagedClientAsyncConnectionImpl.java:[40,39] org.apache.http.client.protocol.ClientContext in org.apache.http.client.protocol has been deprecated
[  812s] [WARNING] /home/abuild/rpmbuild/BUILD/httpcomponents-asyncclient-4.1.5/httpasyncclient/src/main/java-deprecated/org/apache/http/impl/nio/conn/ManagedClientAsyncConnectionImpl.java:[44,32] org.apache.http.nio.conn.ClientAsyncConnection in org.apache.http.nio.conn has been deprecated
[  812s] [WARNING] /home/abuild/rpmbuild/BUILD/httpcomponents-asyncclient-4.1.5/httpasyncclient/src/main/java-deprecated/org/apache/http/impl/nio/conn/ManagedClientAsyncConnectionImpl.java:[45,32] org.apache.http.nio.conn.ClientAsyncConnectionFactory in org.apache.http.nio.conn has been deprecated
[  812s] [WARNING] /home/abuild/rpmbuild/BUILD/httpcomponents-asyncclient-4.1.5/httpasyncclient/src/main/java-deprecated/org/apache/http/impl/nio/conn/ManagedClientAsyncConnectionImpl.java:[46,32] org.apache.http.nio.conn.ClientAsyncConnectionManager in org.apache.http.nio.conn has been deprecated
[  812s] [WARNING] /home/abuild/rpmbuild/BUILD/httpcomponents-asyncclient-4.1.5/httpasyncclient/src/main/java-deprecated/org/apache/http/impl/nio/conn/ManagedClientAsyncConnectionImpl.java:[47,32] org.apache.http.nio.conn.ManagedClientAsyncConnection in org.apache.http.nio.conn has been deprecated
[  812s] [WARNING] /home/abuild/rpmbuild/BUILD/httpcomponents-asyncclient-4.1.5/httpasyncclient/src/main/java-deprecated/org/apache/http/impl/nio/conn/ManagedClientAsyncConnectionImpl.java:[48,39] org.apache.http.nio.conn.scheme.AsyncScheme in org.apache.http.nio.conn.scheme has been deprecated
[  812s] [WARNING] /home/abuild/rpmbuild/BUILD/httpcomponents-asyncclient-4.1.5/httpasyncclient/src/main/java-deprecated/org/apache/http/impl/nio/conn/ManagedClientAsyncConnectionImpl.java:[49,39] org.apache.http.nio.conn.scheme.AsyncSchemeRegistry in org.apache.http.nio.conn.scheme has been deprecated
[  812s] [WARNING] /home/abuild/rpmbuild/BUILD/httpcomponents-asyncclient-4.1.5/httpasyncclient/src/main/java-deprecated/org/apache/http/impl/nio/conn/ManagedClientAsyncConnectionImpl.java:[50,39] org.apache.http.nio.conn.scheme.LayeringStrategy in org.apache.http.nio.conn.scheme has been deprecated
[  812s] [WARNING] /home/abuild/rpmbuild/BUILD/httpcomponents-asyncclient-4.1.5/httpasyncclient/src/main/java-deprecated/org/apache/http/impl/nio/conn/ManagedClientAsyncConnectionImpl.java:[54,30] org.apache.http.params.HttpParams in org.apache.http.params has been deprecated
[  812s] [WARNING] /home/abuild/rpmbuild/BUILD/httpcomponents-asyncclient-4.1.5/httpasyncclient/src/main/java/org/apache/http/impl/nio/client/MainClientExec.java:[513,25] UsernamePasswordCredentials(java.lang.String) in org.apache.http.auth.UsernamePasswordCredentials has been deprecated
[  812s] [INFO] /home/abuild/rpmbuild/BUILD/httpcomponents-asyncclient-4.1.5/httpasyncclient/src/main/java-deprecated/org/apache/http/impl/nio/client/AbstractHttpAsyncClient.java: /home/abuild/rpmbuild/BUILD/httpcomponents-asyncclient-4.1.5/httpasyncclient/src/main/java-deprecated/org/apache/http/impl/nio/client/AbstractHttpAsyncClient.java uses unchecked or unsafe operations.
[  812s] [INFO] /home/abuild/rpmbuild/BUILD/httpcomponents-asyncclient-4.1.5/httpasyncclient/src/main/java-deprecated/org/apache/http/impl/nio/client/AbstractHttpAsyncClient.java: Recompile with -Xlint:unchecked for details.
[  812s] [INFO] 
[  812s] [INFO] --- maven-resources-plugin:3.1.0:testResources (default-testResources) @ httpasyncclient ---
[  812s] [INFO] Using 'UTF-8' encoding to copy filtered resources.
[  812s] [INFO] Copying 3 resources
[  812s] [INFO] Copying 5 resources
[  812s] [INFO] 
[  812s] [INFO] --- maven-compiler-plugin:3.8.0:testCompile (default-testCompile) @ httpasyncclient ---
[  813s] [INFO] Changes detected - recompiling the module!
[  813s] [INFO] Compiling 18 source files to /home/abuild/rpmbuild/BUILD/httpcomponents-asyncclient-4.1.5/httpasyncclient/target/test-classes
[  836s] [WARNING] bootstrap class path not set in conjunction with -source 1.6
[  836s] [WARNING] /home/abuild/rpmbuild/BUILD/httpcomponents-asyncclient-4.1.5/httpasyncclient/src/test/java/org/apache/http/nio/client/methods/TestAsyncConsumers.java:[51,19] org.mockito.Matchers in org.mockito has been deprecated
[  836s] [WARNING] /home/abuild/rpmbuild/BUILD/httpcomponents-asyncclient-4.1.5/httpasyncclient/src/test/java/org/apache/http/nio/client/methods/TestAsyncConsumers.java:[210,46] org.mockito.Matchers in org.mockito has been deprecated
[  836s] [WARNING] /home/abuild/rpmbuild/BUILD/httpcomponents-asyncclient-4.1.5/httpasyncclient/src/test/java/org/apache/http/nio/client/methods/TestAsyncConsumers.java:[222,17] org.mockito.Matchers in org.mockito has been deprecated
[  836s] [WARNING] /home/abuild/rpmbuild/BUILD/httpcomponents-asyncclient-4.1.5/httpasyncclient/src/test/java/org/apache/http/nio/client/methods/TestAsyncConsumers.java:[222,49] org.mockito.Matchers in org.mockito has been deprecated
[  836s] [WARNING] /home/abuild/rpmbuild/BUILD/httpcomponents-asyncclient-4.1.5/httpasyncclient/src/test/java/org/apache/http/nio/client/methods/TestAsyncConsumers.java:[244,81] org.mockito.Matchers in org.mockito has been deprecated
[  836s] [INFO] 
[  836s] [INFO] --- maven-surefire-plugin:2.22.0:test (default-test) @ httpasyncclient ---
[  843s] [INFO] 
[  843s] [INFO] -------------------------------------------------------
[  843s] [INFO]  T E S T S
[  843s] [INFO] -------------------------------------------------------
[  845s] [INFO] Running org.apache.http.nio.client.methods.TestZeroCopy
[  851s] [INFO] Tests run: 2, Failures: 0, Errors: 0, Skipped: 0, Time elapsed: 4.649 s - in org.apache.http.nio.client.methods.TestZeroCopy
[  851s] [INFO] Running org.apache.http.nio.client.methods.TestAsyncConsumers
[  860s] [INFO] Tests run: 7, Failures: 0, Errors: 0, Skipped: 0, Time elapsed: 8.988 s - in org.apache.http.nio.client.methods.TestAsyncConsumers
[  860s] [INFO] Running org.apache.http.nio.client.integration.TestClientReauthentication
[  861s] [INFO] Tests run: 1, Failures: 0, Errors: 0, Skipped: 0, Time elapsed: 0.264 s - in org.apache.http.nio.client.integration.TestClientReauthentication
[  861s] [INFO] Running org.apache.http.nio.client.integration.TestStatefulConnManagement
[  861s] [INFO] Tests run: 2, Failures: 0, Errors: 0, Skipped: 0, Time elapsed: 0.047 s - in org.apache.http.nio.client.integration.TestStatefulConnManagement
[  861s] [INFO] Running org.apache.http.nio.client.integration.TestClientAuthenticationFallBack
[  861s] [INFO] Tests run: 1, Failures: 0, Errors: 0, Skipped: 0, Time elapsed: 0.019 s - in org.apache.http.nio.client.integration.TestClientAuthenticationFallBack
[  861s] [INFO] Running org.apache.http.nio.client.integration.TestHttpAsyncMinimal


Job seems to be stuck here, killed. (after 43200 seconds of inactivity)
